2024-03-07T14:33:39.066+07:00  INFO 6668 --- [restartedMain] com.example.Bai1.Bai1Application         : Starting Bai1Application using Java 17.0.9 with PID 6668 (E:\Studying\Java Backend\Springboot\Project2\target\classes started by Admin in E:\Studying\Java Backend\Springboot\Project2)
2024-03-07T14:33:39.081+07:00  INFO 6668 --- [restartedMain] com.example.Bai1.Bai1Application         : No active profile set, falling back to 1 default profile: "default"
2024-03-07T14:33:39.661+07:00  INFO 6668 --- [restartedMain] .e.DevToolsPropertyDefaultsPostProcessor : Devtools property defaults active! Set 'spring.devtools.add-properties' to 'false' to disable
2024-03-07T14:33:39.662+07:00  INFO 6668 --- [restartedMain] .e.DevToolsPropertyDefaultsPostProcessor : For additional web related logging consider setting the 'logging.level.web' property to 'DEBUG'
2024-03-07T14:33:41.155+07:00  INFO 6668 --- [restartedMain] .s.d.r.c.RepositoryConfigurationDelegate : Bootstrapping Spring Data JPA repositories in DEFAULT mode.
2024-03-07T14:33:41.261+07:00  INFO 6668 --- [restartedMain] .s.d.r.c.RepositoryConfigurationDelegate : Finished Spring Data repository scanning in 91 ms. Found 5 JPA repository interfaces.
2024-03-07T14:33:42.914+07:00  INFO 6668 --- [restartedMain] o.s.b.w.embedded.tomcat.TomcatWebServer  : Tomcat initialized with port(s): 8080 (http)
2024-03-07T14:33:42.937+07:00  INFO 6668 --- [restartedMain] o.apache.catalina.core.StandardService   : Starting service [Tomcat]
2024-03-07T14:33:42.938+07:00  INFO 6668 --- [restartedMain] o.apache.catalina.core.StandardEngine    : Starting Servlet engine: [Apache Tomcat/10.1.15]
2024-03-07T14:33:43.099+07:00  INFO 6668 --- [restartedMain] o.a.c.c.C.[Tomcat].[localhost].[/]       : Initializing Spring embedded WebApplicationContext
2024-03-07T14:33:43.100+07:00  INFO 6668 --- [restartedMain] w.s.c.ServletWebServerApplicationContext : Root WebApplicationContext: initialization completed in 3436 ms
2024-03-07T14:33:43.452+07:00  INFO 6668 --- [restartedMain] com.zaxxer.hikari.HikariDataSource       : HikariPool-1 - Starting...
2024-03-07T14:33:43.713+07:00  INFO 6668 --- [restartedMain] com.zaxxer.hikari.pool.HikariPool        : HikariPool-1 - Added connection com.mysql.cj.jdbc.ConnectionImpl@5b0cd98c
2024-03-07T14:33:43.720+07:00  INFO 6668 --- [restartedMain] com.zaxxer.hikari.HikariDataSource       : HikariPool-1 - Start completed.
2024-03-07T14:33:43.792+07:00  INFO 6668 --- [restartedMain] o.hibernate.jpa.internal.util.LogHelper  : HHH000204: Processing PersistenceUnitInfo [name: default]
2024-03-07T14:33:43.902+07:00  INFO 6668 --- [restartedMain] org.hibernate.Version                    : HHH000412: Hibernate ORM core version 6.1.7.Final
2024-03-07T14:33:44.391+07:00  INFO 6668 --- [restartedMain] SQL dialect                              : HHH000400: Using dialect: org.hibernate.dialect.MySQL8Dialect
2024-03-07T14:33:44.393+07:00  WARN 6668 --- [restartedMain] org.hibernate.orm.deprecation            : HHH90000026: MySQL8Dialect has been deprecated; use org.hibernate.dialect.MySQLDialect instead
2024-03-07T14:33:46.000+07:00  INFO 6668 --- [restartedMain] o.h.e.t.j.p.i.JtaPlatformInitiator       : HHH000490: Using JtaPlatform implementation: [org.hibernate.engine.transaction.jta.platform.internal.NoJtaPlatform]
2024-03-07T14:33:46.019+07:00  INFO 6668 --- [restartedMain] j.LocalContainerEntityManagerFactoryBean : Initialized JPA EntityManagerFactory for persistence unit 'default'
2024-03-07T14:33:47.869+07:00  WARN 6668 --- [restartedMain] JpaBaseConfiguration$JpaWebConfiguration : spring.jpa.open-in-view is enabled by default. Therefore, database queries may be performed during view rendering. Explicitly configure spring.jpa.open-in-view to disable this warning
2024-03-07T14:33:48.553+07:00  INFO 6668 --- [restartedMain] o.s.s.web.DefaultSecurityFilterChain     : Will secure any request with [org.springframework.security.web.session.DisableEncodeUrlFilter@170629c3, org.springframework.security.web.context.request.async.WebAsyncManagerIntegrationFilter@31e0de44, org.springframework.security.web.context.SecurityContextHolderFilter@57d346fa, org.springframework.security.web.header.HeaderWriterFilter@2ce727ef, org.springframework.security.web.authentication.logout.LogoutFilter@6c44cb52, org.springframework.security.web.authentication.www.BasicAuthenticationFilter@43325951, org.springframework.security.web.savedrequest.RequestCacheAwareFilter@653082b5, org.springframework.security.web.servletapi.SecurityContextHolderAwareRequestFilter@4609ce21, org.springframework.security.web.authentication.AnonymousAuthenticationFilter@6049f1f8, org.springframework.security.web.session.SessionManagementFilter@305ea719, org.springframework.security.web.access.ExceptionTranslationFilter@7a3afbed, org.springframework.security.web.access.intercept.FilterSecurityInterceptor@4f200558]
2024-03-07T14:33:49.117+07:00  INFO 6668 --- [restartedMain] o.s.b.d.a.OptionalLiveReloadServer       : LiveReload server is running on port 35729
2024-03-07T14:33:49.183+07:00  INFO 6668 --- [restartedMain] o.s.b.w.embedded.tomcat.TomcatWebServer  : Tomcat started on port(s): 8080 (http) with context path ''
2024-03-07T14:33:49.201+07:00  INFO 6668 --- [restartedMain] com.example.Bai1.Bai1Application         : Started Bai1Application in 10.983 seconds (process running for 11.853)
2024-03-07T14:33:50.844+07:00  INFO 6668 --- [http-nio-8080-exec-2] o.a.c.c.C.[Tomcat].[localhost].[/]       : Initializing Spring DispatcherServlet 'dispatcherServlet'
2024-03-07T14:33:50.845+07:00  INFO 6668 --- [http-nio-8080-exec-2] o.s.web.servlet.DispatcherServlet        : Initializing Servlet 'dispatcherServlet'
2024-03-07T14:33:50.848+07:00  INFO 6668 --- [http-nio-8080-exec-2] o.s.web.servlet.DispatcherServlet        : Completed initialization in 3 ms
2024-03-07T14:33:50.901+07:00  INFO 6668 --- [http-nio-8080-exec-2] c.e.Bai1.interceptor.LogInterceptor      : INTERCEPTOR
2024-03-07T14:33:50.902+07:00  INFO 6668 --- [http-nio-8080-exec-2] c.e.Bai1.interceptor.LogInterceptor      : 0:0:0:0:0:0:0:1
2024-03-07T14:33:50.902+07:00  INFO 6668 --- [http-nio-8080-exec-2] c.e.Bai1.interceptor.LogInterceptor      : /user/list
2024-03-07T14:33:51.539+07:00  INFO 6668 --- [http-nio-8080-exec-2] c.e.Bai1.interceptor.LogInterceptor      : Done Request
2024-03-07T14:40:59.575+07:00  INFO 6808 --- [restartedMain] com.example.Bai1.Bai1Application         : Starting Bai1Application using Java 17.0.9 with PID 6808 (E:\Studying\Java Backend\Springboot\Project2\target\classes started by Admin in E:\Studying\Java Backend\Springboot\Project2)
2024-03-07T14:40:59.580+07:00  INFO 6808 --- [restartedMain] com.example.Bai1.Bai1Application         : No active profile set, falling back to 1 default profile: "default"
2024-03-07T14:41:00.061+07:00  INFO 6808 --- [restartedMain] .e.DevToolsPropertyDefaultsPostProcessor : Devtools property defaults active! Set 'spring.devtools.add-properties' to 'false' to disable
2024-03-07T14:41:00.061+07:00  INFO 6808 --- [restartedMain] .e.DevToolsPropertyDefaultsPostProcessor : For additional web related logging consider setting the 'logging.level.web' property to 'DEBUG'
2024-03-07T14:41:01.651+07:00  INFO 6808 --- [restartedMain] .s.d.r.c.RepositoryConfigurationDelegate : Bootstrapping Spring Data JPA repositories in DEFAULT mode.
2024-03-07T14:41:01.784+07:00  INFO 6808 --- [restartedMain] .s.d.r.c.RepositoryConfigurationDelegate : Finished Spring Data repository scanning in 113 ms. Found 5 JPA repository interfaces.
2024-03-07T14:41:03.536+07:00  INFO 6808 --- [restartedMain] o.s.b.w.embedded.tomcat.TomcatWebServer  : Tomcat initialized with port(s): 8080 (http)
2024-03-07T14:41:03.556+07:00  INFO 6808 --- [restartedMain] o.apache.catalina.core.StandardService   : Starting service [Tomcat]
2024-03-07T14:41:03.556+07:00  INFO 6808 --- [restartedMain] o.apache.catalina.core.StandardEngine    : Starting Servlet engine: [Apache Tomcat/10.1.15]
2024-03-07T14:41:03.696+07:00  INFO 6808 --- [restartedMain] o.a.c.c.C.[Tomcat].[localhost].[/]       : Initializing Spring embedded WebApplicationContext
2024-03-07T14:41:03.697+07:00  INFO 6808 --- [restartedMain] w.s.c.ServletWebServerApplicationContext : Root WebApplicationContext: initialization completed in 3632 ms
2024-03-07T14:41:04.030+07:00  INFO 6808 --- [restartedMain] com.zaxxer.hikari.HikariDataSource       : HikariPool-1 - Starting...
2024-03-07T14:41:04.312+07:00  INFO 6808 --- [restartedMain] com.zaxxer.hikari.pool.HikariPool        : HikariPool-1 - Added connection com.mysql.cj.jdbc.ConnectionImpl@6f6e806f
2024-03-07T14:41:04.317+07:00  INFO 6808 --- [restartedMain] com.zaxxer.hikari.HikariDataSource       : HikariPool-1 - Start completed.
2024-03-07T14:41:04.397+07:00  INFO 6808 --- [restartedMain] o.hibernate.jpa.internal.util.LogHelper  : HHH000204: Processing PersistenceUnitInfo [name: default]
2024-03-07T14:41:04.527+07:00  INFO 6808 --- [restartedMain] org.hibernate.Version                    : HHH000412: Hibernate ORM core version 6.1.7.Final
2024-03-07T14:41:05.083+07:00  INFO 6808 --- [restartedMain] SQL dialect                              : HHH000400: Using dialect: org.hibernate.dialect.MySQL8Dialect
2024-03-07T14:41:05.087+07:00  WARN 6808 --- [restartedMain] org.hibernate.orm.deprecation            : HHH90000026: MySQL8Dialect has been deprecated; use org.hibernate.dialect.MySQLDialect instead
2024-03-07T14:41:07.028+07:00  INFO 6808 --- [restartedMain] o.h.e.t.j.p.i.JtaPlatformInitiator       : HHH000490: Using JtaPlatform implementation: [org.hibernate.engine.transaction.jta.platform.internal.NoJtaPlatform]
2024-03-07T14:41:07.067+07:00  INFO 6808 --- [restartedMain] j.LocalContainerEntityManagerFactoryBean : Initialized JPA EntityManagerFactory for persistence unit 'default'
2024-03-07T14:41:09.365+07:00  WARN 6808 --- [restartedMain] JpaBaseConfiguration$JpaWebConfiguration : spring.jpa.open-in-view is enabled by default. Therefore, database queries may be performed during view rendering. Explicitly configure spring.jpa.open-in-view to disable this warning
2024-03-07T14:41:10.071+07:00  INFO 6808 --- [restartedMain] o.s.s.web.DefaultSecurityFilterChain     : Will secure any request with [org.springframework.security.web.session.DisableEncodeUrlFilter@27533898, org.springframework.security.web.context.request.async.WebAsyncManagerIntegrationFilter@5afcf499, org.springframework.security.web.context.SecurityContextHolderFilter@34e4028a, org.springframework.security.web.header.HeaderWriterFilter@4c93346b, org.springframework.security.web.authentication.logout.LogoutFilter@3b761681, org.springframework.security.web.authentication.www.BasicAuthenticationFilter@554f08fd, org.springframework.security.web.savedrequest.RequestCacheAwareFilter@7a2bf7cf, org.springframework.security.web.servletapi.SecurityContextHolderAwareRequestFilter@40bea084, org.springframework.security.web.authentication.AnonymousAuthenticationFilter@77d917db, org.springframework.security.web.session.SessionManagementFilter@63bd9bd0, org.springframework.security.web.access.ExceptionTranslationFilter@75548b46, org.springframework.security.web.access.intercept.FilterSecurityInterceptor@64205358]
2024-03-07T14:41:10.674+07:00  INFO 6808 --- [restartedMain] o.s.b.d.a.OptionalLiveReloadServer       : LiveReload server is running on port 35729
2024-03-07T14:41:10.753+07:00  INFO 6808 --- [restartedMain] o.s.b.w.embedded.tomcat.TomcatWebServer  : Tomcat started on port(s): 8080 (http) with context path ''
2024-03-07T14:41:10.775+07:00  INFO 6808 --- [restartedMain] com.example.Bai1.Bai1Application         : Started Bai1Application in 11.807 seconds (process running for 12.449)
2024-03-07T14:41:43.820+07:00  INFO 6808 --- [http-nio-8080-exec-2] o.a.c.c.C.[Tomcat].[localhost].[/]       : Initializing Spring DispatcherServlet 'dispatcherServlet'
2024-03-07T14:41:43.821+07:00  INFO 6808 --- [http-nio-8080-exec-2] o.s.web.servlet.DispatcherServlet        : Initializing Servlet 'dispatcherServlet'
2024-03-07T14:41:43.824+07:00  INFO 6808 --- [http-nio-8080-exec-2] o.s.web.servlet.DispatcherServlet        : Completed initialization in 2 ms
2024-03-07T14:41:43.887+07:00  INFO 6808 --- [http-nio-8080-exec-2] c.e.Bai1.interceptor.LogInterceptor      : INTERCEPTOR
2024-03-07T14:41:43.888+07:00  INFO 6808 --- [http-nio-8080-exec-2] c.e.Bai1.interceptor.LogInterceptor      : 0:0:0:0:0:0:0:1
2024-03-07T14:41:43.888+07:00  INFO 6808 --- [http-nio-8080-exec-2] c.e.Bai1.interceptor.LogInterceptor      : /login
2024-03-07T14:41:44.478+07:00  INFO 6808 --- [http-nio-8080-exec-2] c.e.Bai1.interceptor.LogInterceptor      : Done Request
2024-03-07T14:42:38.608+07:00  INFO 6808 --- [http-nio-8080-exec-3] c.e.Bai1.interceptor.LogInterceptor      : INTERCEPTOR
2024-03-07T14:42:38.609+07:00  INFO 6808 --- [http-nio-8080-exec-3] c.e.Bai1.interceptor.LogInterceptor      : 0:0:0:0:0:0:0:1
2024-03-07T14:42:38.609+07:00  INFO 6808 --- [http-nio-8080-exec-3] c.e.Bai1.interceptor.LogInterceptor      : /login
2024-03-07T14:42:38.696+07:00  INFO 6808 --- [http-nio-8080-exec-3] c.e.Bai1.interceptor.LogInterceptor      : Done Request
2024-03-07T14:42:38.761+07:00  INFO 6808 --- [http-nio-8080-exec-3] c.e.Bai1.interceptor.LogInterceptor      : INTERCEPTOR
2024-03-07T14:42:38.761+07:00  INFO 6808 --- [http-nio-8080-exec-3] c.e.Bai1.interceptor.LogInterceptor      : 0:0:0:0:0:0:0:1
2024-03-07T14:42:38.761+07:00  INFO 6808 --- [http-nio-8080-exec-3] c.e.Bai1.interceptor.LogInterceptor      : /error
2024-03-07T14:42:38.782+07:00  INFO 6808 --- [http-nio-8080-exec-3] c.e.Bai1.interceptor.LogInterceptor      : Done Request
2024-03-07T14:44:03.822+07:00  INFO 6808 --- [File Watcher] rtingClassPathChangeChangedEventListener : Restarting due to 1 class path change (0 additions, 0 deletions, 1 modification)
2024-03-07T14:44:03.844+07:00  INFO 6808 --- [Thread-5] o.apache.catalina.core.StandardService   : Stopping service [Tomcat]
2024-03-07T14:44:03.847+07:00  INFO 6808 --- [Thread-5] o.a.c.c.C.[Tomcat].[localhost].[/]       : Destroying Spring FrameworkServlet 'dispatcherServlet'
2024-03-07T14:44:03.882+07:00  INFO 6808 --- [Thread-5] j.LocalContainerEntityManagerFactoryBean : Closing JPA EntityManagerFactory for persistence unit 'default'
2024-03-07T14:44:03.888+07:00  INFO 6808 --- [Thread-5] com.zaxxer.hikari.HikariDataSource       : HikariPool-1 - Shutdown initiated...
2024-03-07T14:44:03.906+07:00  INFO 6808 --- [Thread-5] com.zaxxer.hikari.HikariDataSource       : HikariPool-1 - Shutdown completed.
2024-03-07T14:44:04.049+07:00  INFO 6808 --- [restartedMain] com.example.Bai1.Bai1Application         : Starting Bai1Application using Java 17.0.9 with PID 6808 (E:\Studying\Java Backend\Springboot\Project2\target\classes started by Admin in E:\Studying\Java Backend\Springboot\Project2)
2024-03-07T14:44:04.050+07:00  INFO 6808 --- [restartedMain] com.example.Bai1.Bai1Application         : No active profile set, falling back to 1 default profile: "default"
2024-03-07T14:44:04.832+07:00  INFO 6808 --- [restartedMain] .s.d.r.c.RepositoryConfigurationDelegate : Bootstrapping Spring Data JPA repositories in DEFAULT mode.
2024-03-07T14:44:04.869+07:00  INFO 6808 --- [restartedMain] .s.d.r.c.RepositoryConfigurationDelegate : Finished Spring Data repository scanning in 36 ms. Found 5 JPA repository interfaces.
2024-03-07T14:44:05.155+07:00  INFO 6808 --- [restartedMain] o.s.b.w.embedded.tomcat.TomcatWebServer  : Tomcat initialized with port(s): 8080 (http)
2024-03-07T14:44:05.156+07:00  INFO 6808 --- [restartedMain] o.apache.catalina.core.StandardService   : Starting service [Tomcat]
2024-03-07T14:44:05.156+07:00  INFO 6808 --- [restartedMain] o.apache.catalina.core.StandardEngine    : Starting Servlet engine: [Apache Tomcat/10.1.15]
2024-03-07T14:44:05.196+07:00  INFO 6808 --- [restartedMain] o.a.c.c.C.[Tomcat].[localhost].[/]       : Initializing Spring embedded WebApplicationContext
2024-03-07T14:44:05.196+07:00  INFO 6808 --- [restartedMain] w.s.c.ServletWebServerApplicationContext : Root WebApplicationContext: initialization completed in 1140 ms
2024-03-07T14:44:05.315+07:00  INFO 6808 --- [restartedMain] com.zaxxer.hikari.HikariDataSource       : HikariPool-2 - Starting...
2024-03-07T14:44:05.329+07:00  INFO 6808 --- [restartedMain] com.zaxxer.hikari.pool.HikariPool        : HikariPool-2 - Added connection com.mysql.cj.jdbc.ConnectionImpl@dad59ca
2024-03-07T14:44:05.330+07:00  INFO 6808 --- [restartedMain] com.zaxxer.hikari.HikariDataSource       : HikariPool-2 - Start completed.
2024-03-07T14:44:05.332+07:00  INFO 6808 --- [restartedMain] o.hibernate.jpa.internal.util.LogHelper  : HHH000204: Processing PersistenceUnitInfo [name: default]
2024-03-07T14:44:05.345+07:00  INFO 6808 --- [restartedMain] SQL dialect                              : HHH000400: Using dialect: org.hibernate.dialect.MySQL8Dialect
2024-03-07T14:44:05.346+07:00  WARN 6808 --- [restartedMain] org.hibernate.orm.deprecation            : HHH90000026: MySQL8Dialect has been deprecated; use org.hibernate.dialect.MySQLDialect instead
2024-03-07T14:44:05.607+07:00  INFO 6808 --- [restartedMain] o.h.e.t.j.p.i.JtaPlatformInitiator       : HHH000490: Using JtaPlatform implementation: [org.hibernate.engine.transaction.jta.platform.internal.NoJtaPlatform]
2024-03-07T14:44:05.607+07:00  INFO 6808 --- [restartedMain] j.LocalContainerEntityManagerFactoryBean : Initialized JPA EntityManagerFactory for persistence unit 'default'
2024-03-07T14:44:06.086+07:00  WARN 6808 --- [restartedMain] JpaBaseConfiguration$JpaWebConfiguration : spring.jpa.open-in-view is enabled by default. Therefore, database queries may be performed during view rendering. Explicitly configure spring.jpa.open-in-view to disable this warning
2024-03-07T14:44:06.283+07:00  INFO 6808 --- [restartedMain] o.s.s.web.DefaultSecurityFilterChain     : Will secure any request with [org.springframework.security.web.session.DisableEncodeUrlFilter@3593c42a, org.springframework.security.web.context.request.async.WebAsyncManagerIntegrationFilter@3a7792be, org.springframework.security.web.context.SecurityContextHolderFilter@6482e74d, org.springframework.security.web.header.HeaderWriterFilter@29bbdcba, org.springframework.security.web.authentication.logout.LogoutFilter@73294187, org.springframework.security.web.authentication.www.BasicAuthenticationFilter@6a8a8dce, org.springframework.security.web.savedrequest.RequestCacheAwareFilter@2f0a5b6b, org.springframework.security.web.servletapi.SecurityContextHolderAwareRequestFilter@58a31c3c, org.springframework.security.web.authentication.AnonymousAuthenticationFilter@7c7d545e, org.springframework.security.web.session.SessionManagementFilter@311d3099, org.springframework.security.web.access.ExceptionTranslationFilter@259dcbd5, org.springframework.security.web.access.intercept.FilterSecurityInterceptor@4ae185b3]
2024-03-07T14:44:06.464+07:00  INFO 6808 --- [restartedMain] o.s.b.d.a.OptionalLiveReloadServer       : LiveReload server is running on port 35729
2024-03-07T14:44:06.479+07:00  INFO 6808 --- [restartedMain] o.s.b.w.embedded.tomcat.TomcatWebServer  : Tomcat started on port(s): 8080 (http) with context path ''
2024-03-07T14:44:06.488+07:00  INFO 6808 --- [restartedMain] com.example.Bai1.Bai1Application         : Started Bai1Application in 2.503 seconds (process running for 188.162)
2024-03-07T14:44:06.492+07:00  INFO 6808 --- [restartedMain] .ConditionEvaluationDeltaLoggingListener : Condition evaluation unchanged
2024-03-07T14:44:12.167+07:00  INFO 6808 --- [http-nio-8080-exec-3] o.a.c.c.C.[Tomcat].[localhost].[/]       : Initializing Spring DispatcherServlet 'dispatcherServlet'
2024-03-07T14:44:12.167+07:00  INFO 6808 --- [http-nio-8080-exec-3] o.s.web.servlet.DispatcherServlet        : Initializing Servlet 'dispatcherServlet'
2024-03-07T14:44:12.168+07:00  INFO 6808 --- [http-nio-8080-exec-3] o.s.web.servlet.DispatcherServlet        : Completed initialization in 1 ms
2024-03-07T14:44:12.173+07:00  INFO 6808 --- [http-nio-8080-exec-3] c.e.Bai1.interceptor.LogInterceptor      : INTERCEPTOR
2024-03-07T14:44:12.173+07:00  INFO 6808 --- [http-nio-8080-exec-3] c.e.Bai1.interceptor.LogInterceptor      : 0:0:0:0:0:0:0:1
2024-03-07T14:44:12.173+07:00  INFO 6808 --- [http-nio-8080-exec-3] c.e.Bai1.interceptor.LogInterceptor      : /login
2024-03-07T14:44:12.329+07:00  INFO 6808 --- [http-nio-8080-exec-3] c.e.Bai1.Controller.ExceptionController  : INFO

org.springframework.security.authentication.BadCredentialsException: Bad credentials
	at org.springframework.security.authentication.dao.DaoAuthenticationProvider.additionalAuthenticationChecks(DaoAuthenticationProvider.java:89) ~[spring-security-core-6.0.8.jar:6.0.8]
	at org.springframework.security.authentication.dao.AbstractUserDetailsAuthenticationProvider.authenticate(AbstractUserDetailsAuthenticationProvider.java:147) ~[spring-security-core-6.0.8.jar:6.0.8]
	at org.springframework.security.authentication.ProviderManager.authenticate(ProviderManager.java:182) ~[spring-security-core-6.0.8.jar:6.0.8]
	at com.example.Bai1.Controller.LoginController.login(LoginController.java:29) ~[classes/:na]
	at java.base/jdk.internal.reflect.NativeMethodAccessorImpl.invoke0(Native Method) ~[na:na]
	at java.base/jdk.internal.reflect.NativeMethodAccessorImpl.invoke(NativeMethodAccessorImpl.java:77) ~[na:na]
	at java.base/jdk.internal.reflect.DelegatingMethodAccessorImpl.invoke(DelegatingMethodAccessorImpl.java:43) ~[na:na]
	at java.base/java.lang.reflect.Method.invoke(Method.java:568) ~[na:na]
	at org.springframework.web.method.support.InvocableHandlerMethod.doInvoke(InvocableHandlerMethod.java:205) ~[spring-web-6.0.13.jar:6.0.13]
	at org.springframework.web.method.support.InvocableHandlerMethod.invokeForRequest(InvocableHandlerMethod.java:150) ~[spring-web-6.0.13.jar:6.0.13]
	at org.springframework.web.servlet.mvc.method.annotation.ServletInvocableHandlerMethod.invokeAndHandle(ServletInvocableHandlerMethod.java:118) ~[spring-webmvc-6.0.13.jar:6.0.13]
	at org.springframework.web.servlet.mvc.method.annotation.RequestMappingHandlerAdapter.invokeHandlerMethod(RequestMappingHandlerAdapter.java:884) ~[spring-webmvc-6.0.13.jar:6.0.13]
	at org.springframework.web.servlet.mvc.method.annotation.RequestMappingHandlerAdapter.handleInternal(RequestMappingHandlerAdapter.java:797) ~[spring-webmvc-6.0.13.jar:6.0.13]
	at org.springframework.web.servlet.mvc.method.AbstractHandlerMethodAdapter.handle(AbstractHandlerMethodAdapter.java:87) ~[spring-webmvc-6.0.13.jar:6.0.13]
	at org.springframework.web.servlet.DispatcherServlet.doDispatch(DispatcherServlet.java:1081) ~[spring-webmvc-6.0.13.jar:6.0.13]
	at org.springframework.web.servlet.DispatcherServlet.doService(DispatcherServlet.java:974) ~[spring-webmvc-6.0.13.jar:6.0.13]
	at org.springframework.web.servlet.FrameworkServlet.processRequest(FrameworkServlet.java:1011) ~[spring-webmvc-6.0.13.jar:6.0.13]
	at org.springframework.web.servlet.FrameworkServlet.doPost(FrameworkServlet.java:914) ~[spring-webmvc-6.0.13.jar:6.0.13]
	at jakarta.servlet.http.HttpServlet.service(HttpServlet.java:590) ~[tomcat-embed-core-10.1.15.jar:6.0]
	at org.springframework.web.servlet.FrameworkServlet.service(FrameworkServlet.java:885) ~[spring-webmvc-6.0.13.jar:6.0.13]
	at jakarta.servlet.http.HttpServlet.service(HttpServlet.java:658) ~[tomcat-embed-core-10.1.15.jar:6.0]
	at org.apache.catalina.core.ApplicationFilterChain.internalDoFilter(ApplicationFilterChain.java:205) ~[tomcat-embed-core-10.1.15.jar:10.1.15]
	at org.apache.catalina.core.ApplicationFilterChain.doFilter(ApplicationFilterChain.java:149) ~[tomcat-embed-core-10.1.15.jar:10.1.15]
	at org.apache.tomcat.websocket.server.WsFilter.doFilter(WsFilter.java:51) ~[tomcat-embed-websocket-10.1.15.jar:10.1.15]
	at org.apache.catalina.core.ApplicationFilterChain.internalDoFilter(ApplicationFilterChain.java:174) ~[tomcat-embed-core-10.1.15.jar:10.1.15]
	at org.apache.catalina.core.ApplicationFilterChain.doFilter(ApplicationFilterChain.java:149) ~[tomcat-embed-core-10.1.15.jar:10.1.15]
	at org.springframework.security.web.FilterChainProxy.lambda$doFilterInternal$3(FilterChainProxy.java:231) ~[spring-security-web-6.0.8.jar:6.0.8]
	at org.springframework.security.web.FilterChainProxy$VirtualFilterChain.doFilter(FilterChainProxy.java:365) ~[spring-security-web-6.0.8.jar:6.0.8]
	at org.springframework.security.web.access.intercept.FilterSecurityInterceptor.invoke(FilterSecurityInterceptor.java:117) ~[spring-security-web-6.0.8.jar:6.0.8]
	at org.springframework.security.web.access.intercept.FilterSecurityInterceptor.doFilter(FilterSecurityInterceptor.java:83) ~[spring-security-web-6.0.8.jar:6.0.8]
	at org.springframework.security.web.FilterChainProxy$VirtualFilterChain.doFilter(FilterChainProxy.java:374) ~[spring-security-web-6.0.8.jar:6.0.8]
	at org.springframework.security.web.access.ExceptionTranslationFilter.doFilter(ExceptionTranslationFilter.java:126) ~[spring-security-web-6.0.8.jar:6.0.8]
	at org.springframework.security.web.access.ExceptionTranslationFilter.doFilter(ExceptionTranslationFilter.java:120) ~[spring-security-web-6.0.8.jar:6.0.8]
	at org.springframework.security.web.FilterChainProxy$VirtualFilterChain.doFilter(FilterChainProxy.java:374) ~[spring-security-web-6.0.8.jar:6.0.8]
	at org.springframework.security.web.session.SessionManagementFilter.doFilter(SessionManagementFilter.java:131) ~[spring-security-web-6.0.8.jar:6.0.8]
	at org.springframework.security.web.session.SessionManagementFilter.doFilter(SessionManagementFilter.java:85) ~[spring-security-web-6.0.8.jar:6.0.8]
	at org.springframework.security.web.FilterChainProxy$VirtualFilterChain.doFilter(FilterChainProxy.java:374) ~[spring-security-web-6.0.8.jar:6.0.8]
	at org.springframework.security.web.authentication.AnonymousAuthenticationFilter.doFilter(AnonymousAuthenticationFilter.java:100) ~[spring-security-web-6.0.8.jar:6.0.8]
	at org.springframework.security.web.FilterChainProxy$VirtualFilterChain.doFilter(FilterChainProxy.java:374) ~[spring-security-web-6.0.8.jar:6.0.8]
	at org.springframework.security.web.servletapi.SecurityContextHolderAwareRequestFilter.doFilter(SecurityContextHolderAwareRequestFilter.java:179) ~[spring-security-web-6.0.8.jar:6.0.8]
	at org.springframework.security.web.FilterChainProxy$VirtualFilterChain.doFilter(FilterChainProxy.java:374) ~[spring-security-web-6.0.8.jar:6.0.8]
	at org.springframework.security.web.savedrequest.RequestCacheAwareFilter.doFilter(RequestCacheAwareFilter.java:63) ~[spring-security-web-6.0.8.jar:6.0.8]
	at org.springframework.security.web.FilterChainProxy$VirtualFilterChain.doFilter(FilterChainProxy.java:374) ~[spring-security-web-6.0.8.jar:6.0.8]
	at org.springframework.security.web.authentication.www.BasicAuthenticationFilter.doFilterInternal(BasicAuthenticationFilter.java:168) ~[spring-security-web-6.0.8.jar:6.0.8]
	at org.springframework.web.filter.OncePerRequestFilter.doFilter(OncePerRequestFilter.java:116) ~[spring-web-6.0.13.jar:6.0.13]
	at org.springframework.security.web.FilterChainProxy$VirtualFilterChain.doFilter(FilterChainProxy.java:374) ~[spring-security-web-6.0.8.jar:6.0.8]
	at org.springframework.security.web.authentication.logout.LogoutFilter.doFilter(LogoutFilter.java:107) ~[spring-security-web-6.0.8.jar:6.0.8]
	at org.springframework.security.web.authentication.logout.LogoutFilter.doFilter(LogoutFilter.java:93) ~[spring-security-web-6.0.8.jar:6.0.8]
	at org.springframework.security.web.FilterChainProxy$VirtualFilterChain.doFilter(FilterChainProxy.java:374) ~[spring-security-web-6.0.8.jar:6.0.8]
	at org.springframework.security.web.header.HeaderWriterFilter.doHeadersAfter(HeaderWriterFilter.java:90) ~[spring-security-web-6.0.8.jar:6.0.8]
	at org.springframework.security.web.header.HeaderWriterFilter.doFilterInternal(HeaderWriterFilter.java:75) ~[spring-security-web-6.0.8.jar:6.0.8]
	at org.springframework.web.filter.OncePerRequestFilter.doFilter(OncePerRequestFilter.java:116) ~[spring-web-6.0.13.jar:6.0.13]
	at org.springframework.security.web.FilterChainProxy$VirtualFilterChain.doFilter(FilterChainProxy.java:374) ~[spring-security-web-6.0.8.jar:6.0.8]
	at org.springframework.security.web.context.SecurityContextHolderFilter.doFilter(SecurityContextHolderFilter.java:82) ~[spring-security-web-6.0.8.jar:6.0.8]
	at org.springframework.security.web.context.SecurityContextHolderFilter.doFilter(SecurityContextHolderFilter.java:69) ~[spring-security-web-6.0.8.jar:6.0.8]
	at org.springframework.security.web.FilterChainProxy$VirtualFilterChain.doFilter(FilterChainProxy.java:374) ~[spring-security-web-6.0.8.jar:6.0.8]
	at org.springframework.security.web.context.request.async.WebAsyncManagerIntegrationFilter.doFilterInternal(WebAsyncManagerIntegrationFilter.java:62) ~[spring-security-web-6.0.8.jar:6.0.8]
	at org.springframework.web.filter.OncePerRequestFilter.doFilter(OncePerRequestFilter.java:116) ~[spring-web-6.0.13.jar:6.0.13]
	at org.springframework.security.web.FilterChainProxy$VirtualFilterChain.doFilter(FilterChainProxy.java:374) ~[spring-security-web-6.0.8.jar:6.0.8]
	at org.springframework.security.web.session.DisableEncodeUrlFilter.doFilterInternal(DisableEncodeUrlFilter.java:42) ~[spring-security-web-6.0.8.jar:6.0.8]
	at org.springframework.web.filter.OncePerRequestFilter.doFilter(OncePerRequestFilter.java:116) ~[spring-web-6.0.13.jar:6.0.13]
	at org.springframework.security.web.FilterChainProxy$VirtualFilterChain.doFilter(FilterChainProxy.java:374) ~[spring-security-web-6.0.8.jar:6.0.8]
	at org.springframework.security.web.FilterChainProxy.doFilterInternal(FilterChainProxy.java:233) ~[spring-security-web-6.0.8.jar:6.0.8]
	at org.springframework.security.web.FilterChainProxy.doFilter(FilterChainProxy.java:191) ~[spring-security-web-6.0.8.jar:6.0.8]
	at org.springframework.web.filter.DelegatingFilterProxy.invokeDelegate(DelegatingFilterProxy.java:352) ~[spring-web-6.0.13.jar:6.0.13]
	at org.springframework.web.filter.DelegatingFilterProxy.doFilter(DelegatingFilterProxy.java:268) ~[spring-web-6.0.13.jar:6.0.13]
	at org.apache.catalina.core.ApplicationFilterChain.internalDoFilter(ApplicationFilterChain.java:174) ~[tomcat-embed-core-10.1.15.jar:10.1.15]
	at org.apache.catalina.core.ApplicationFilterChain.doFilter(ApplicationFilterChain.java:149) ~[tomcat-embed-core-10.1.15.jar:10.1.15]
	at org.springframework.web.filter.RequestContextFilter.doFilterInternal(RequestContextFilter.java:100) ~[spring-web-6.0.13.jar:6.0.13]
	at org.springframework.web.filter.OncePerRequestFilter.doFilter(OncePerRequestFilter.java:116) ~[spring-web-6.0.13.jar:6.0.13]
	at org.apache.catalina.core.ApplicationFilterChain.internalDoFilter(ApplicationFilterChain.java:174) ~[tomcat-embed-core-10.1.15.jar:10.1.15]
	at org.apache.catalina.core.ApplicationFilterChain.doFilter(ApplicationFilterChain.java:149) ~[tomcat-embed-core-10.1.15.jar:10.1.15]
	at org.springframework.web.filter.FormContentFilter.doFilterInternal(FormContentFilter.java:93) ~[spring-web-6.0.13.jar:6.0.13]
	at org.springframework.web.filter.OncePerRequestFilter.doFilter(OncePerRequestFilter.java:116) ~[spring-web-6.0.13.jar:6.0.13]
	at org.apache.catalina.core.ApplicationFilterChain.internalDoFilter(ApplicationFilterChain.java:174) ~[tomcat-embed-core-10.1.15.jar:10.1.15]
	at org.apache.catalina.core.ApplicationFilterChain.doFilter(ApplicationFilterChain.java:149) ~[tomcat-embed-core-10.1.15.jar:10.1.15]
	at org.springframework.web.filter.CharacterEncodingFilter.doFilterInternal(CharacterEncodingFilter.java:201) ~[spring-web-6.0.13.jar:6.0.13]
	at org.springframework.web.filter.OncePerRequestFilter.doFilter(OncePerRequestFilter.java:116) ~[spring-web-6.0.13.jar:6.0.13]
	at org.apache.catalina.core.ApplicationFilterChain.internalDoFilter(ApplicationFilterChain.java:174) ~[tomcat-embed-core-10.1.15.jar:10.1.15]
	at org.apache.catalina.core.ApplicationFilterChain.doFilter(ApplicationFilterChain.java:149) ~[tomcat-embed-core-10.1.15.jar:10.1.15]
	at org.apache.catalina.core.StandardWrapperValve.invoke(StandardWrapperValve.java:167) ~[tomcat-embed-core-10.1.15.jar:10.1.15]
	at org.apache.catalina.core.StandardContextValve.invoke(StandardContextValve.java:90) ~[tomcat-embed-core-10.1.15.jar:10.1.15]
	at org.apache.catalina.authenticator.AuthenticatorBase.invoke(AuthenticatorBase.java:482) ~[tomcat-embed-core-10.1.15.jar:10.1.15]
	at org.apache.catalina.core.StandardHostValve.invoke(StandardHostValve.java:115) ~[tomcat-embed-core-10.1.15.jar:10.1.15]
	at org.apache.catalina.valves.ErrorReportValve.invoke(ErrorReportValve.java:93) ~[tomcat-embed-core-10.1.15.jar:10.1.15]
	at org.apache.catalina.core.StandardEngineValve.invoke(StandardEngineValve.java:74) ~[tomcat-embed-core-10.1.15.jar:10.1.15]
	at org.apache.catalina.connector.CoyoteAdapter.service(CoyoteAdapter.java:340) ~[tomcat-embed-core-10.1.15.jar:10.1.15]
	at org.apache.coyote.http11.Http11Processor.service(Http11Processor.java:391) ~[tomcat-embed-core-10.1.15.jar:10.1.15]
	at org.apache.coyote.AbstractProcessorLight.process(AbstractProcessorLight.java:63) ~[tomcat-embed-core-10.1.15.jar:10.1.15]
	at org.apache.coyote.AbstractProtocol$ConnectionHandler.process(AbstractProtocol.java:896) ~[tomcat-embed-core-10.1.15.jar:10.1.15]
	at org.apache.tomcat.util.net.NioEndpoint$SocketProcessor.doRun(NioEndpoint.java:1744) ~[tomcat-embed-core-10.1.15.jar:10.1.15]
	at org.apache.tomcat.util.net.SocketProcessorBase.run(SocketProcessorBase.java:52) ~[tomcat-embed-core-10.1.15.jar:10.1.15]
	at org.apache.tomcat.util.threads.ThreadPoolExecutor.runWorker(ThreadPoolExecutor.java:1191) ~[tomcat-embed-core-10.1.15.jar:10.1.15]
	at org.apache.tomcat.util.threads.ThreadPoolExecutor$Worker.run(ThreadPoolExecutor.java:659) ~[tomcat-embed-core-10.1.15.jar:10.1.15]
	at org.apache.tomcat.util.threads.TaskThread$WrappingRunnable.run(TaskThread.java:61) ~[tomcat-embed-core-10.1.15.jar:10.1.15]
	at java.base/java.lang.Thread.run(Thread.java:842) ~[na:na]

2024-03-07T14:44:12.347+07:00  WARN 6808 --- [http-nio-8080-exec-3] .m.m.a.ExceptionHandlerExceptionResolver : Resolved [org.springframework.security.authentication.BadCredentialsException: Bad credentials]
2024-03-07T14:44:12.349+07:00  INFO 6808 --- [http-nio-8080-exec-3] c.e.Bai1.interceptor.LogInterceptor      : Done Request
2024-03-07T15:35:04.866+07:00  INFO 6640 --- [restartedMain] com.example.Bai1.Bai1Application         : Starting Bai1Application using Java 17.0.9 with PID 6640 (E:\Studying\Java Backend\Springboot\Project2\target\classes started by Admin in E:\Studying\Java Backend\Springboot\Project2)
2024-03-07T15:35:04.869+07:00  INFO 6640 --- [restartedMain] com.example.Bai1.Bai1Application         : No active profile set, falling back to 1 default profile: "default"
2024-03-07T15:35:05.298+07:00  INFO 6640 --- [restartedMain] .e.DevToolsPropertyDefaultsPostProcessor : Devtools property defaults active! Set 'spring.devtools.add-properties' to 'false' to disable
2024-03-07T15:35:05.299+07:00  INFO 6640 --- [restartedMain] .e.DevToolsPropertyDefaultsPostProcessor : For additional web related logging consider setting the 'logging.level.web' property to 'DEBUG'
2024-03-07T15:35:06.881+07:00  INFO 6640 --- [restartedMain] .s.d.r.c.RepositoryConfigurationDelegate : Bootstrapping Spring Data JPA repositories in DEFAULT mode.
2024-03-07T15:35:07.003+07:00  INFO 6640 --- [restartedMain] .s.d.r.c.RepositoryConfigurationDelegate : Finished Spring Data repository scanning in 106 ms. Found 5 JPA repository interfaces.
2024-03-07T15:35:08.677+07:00  INFO 6640 --- [restartedMain] o.s.b.w.embedded.tomcat.TomcatWebServer  : Tomcat initialized with port(s): 8080 (http)
2024-03-07T15:35:08.703+07:00  INFO 6640 --- [restartedMain] o.apache.catalina.core.StandardService   : Starting service [Tomcat]
2024-03-07T15:35:08.704+07:00  INFO 6640 --- [restartedMain] o.apache.catalina.core.StandardEngine    : Starting Servlet engine: [Apache Tomcat/10.1.15]
2024-03-07T15:35:08.946+07:00  INFO 6640 --- [restartedMain] o.a.c.c.C.[Tomcat].[localhost].[/]       : Initializing Spring embedded WebApplicationContext
2024-03-07T15:35:08.953+07:00  INFO 6640 --- [restartedMain] w.s.c.ServletWebServerApplicationContext : Root WebApplicationContext: initialization completed in 3649 ms
2024-03-07T15:35:09.331+07:00  INFO 6640 --- [restartedMain] com.zaxxer.hikari.HikariDataSource       : HikariPool-1 - Starting...
2024-03-07T15:35:09.651+07:00  INFO 6640 --- [restartedMain] com.zaxxer.hikari.pool.HikariPool        : HikariPool-1 - Added connection com.mysql.cj.jdbc.ConnectionImpl@74956a33
2024-03-07T15:35:09.655+07:00  INFO 6640 --- [restartedMain] com.zaxxer.hikari.HikariDataSource       : HikariPool-1 - Start completed.
2024-03-07T15:35:09.725+07:00  INFO 6640 --- [restartedMain] o.hibernate.jpa.internal.util.LogHelper  : HHH000204: Processing PersistenceUnitInfo [name: default]
2024-03-07T15:35:09.865+07:00  INFO 6640 --- [restartedMain] org.hibernate.Version                    : HHH000412: Hibernate ORM core version 6.1.7.Final
2024-03-07T15:35:10.413+07:00  INFO 6640 --- [restartedMain] SQL dialect                              : HHH000400: Using dialect: org.hibernate.dialect.MySQL8Dialect
2024-03-07T15:35:10.416+07:00  WARN 6640 --- [restartedMain] org.hibernate.orm.deprecation            : HHH90000026: MySQL8Dialect has been deprecated; use org.hibernate.dialect.MySQLDialect instead
2024-03-07T15:35:11.924+07:00  INFO 6640 --- [restartedMain] o.h.e.t.j.p.i.JtaPlatformInitiator       : HHH000490: Using JtaPlatform implementation: [org.hibernate.engine.transaction.jta.platform.internal.NoJtaPlatform]
2024-03-07T15:35:11.942+07:00  INFO 6640 --- [restartedMain] j.LocalContainerEntityManagerFactoryBean : Initialized JPA EntityManagerFactory for persistence unit 'default'
2024-03-07T15:35:13.779+07:00  WARN 6640 --- [restartedMain] JpaBaseConfiguration$JpaWebConfiguration : spring.jpa.open-in-view is enabled by default. Therefore, database queries may be performed during view rendering. Explicitly configure spring.jpa.open-in-view to disable this warning
2024-03-07T15:35:14.394+07:00  INFO 6640 --- [restartedMain] o.s.s.web.DefaultSecurityFilterChain     : Will secure any request with [org.springframework.security.web.session.DisableEncodeUrlFilter@3b4b86ef, org.springframework.security.web.context.request.async.WebAsyncManagerIntegrationFilter@65cc962c, org.springframework.security.web.context.SecurityContextHolderFilter@3cbd00c7, org.springframework.security.web.header.HeaderWriterFilter@546fff1a, org.springframework.security.web.authentication.logout.LogoutFilter@97c1235, org.springframework.security.web.authentication.www.BasicAuthenticationFilter@6a98daea, org.springframework.security.web.savedrequest.RequestCacheAwareFilter@3b761681, org.springframework.security.web.servletapi.SecurityContextHolderAwareRequestFilter@bf673d5, org.springframework.security.web.authentication.AnonymousAuthenticationFilter@492f4ff5, org.springframework.security.web.session.SessionManagementFilter@56590224, org.springframework.security.web.access.ExceptionTranslationFilter@7f96023e, org.springframework.security.web.access.intercept.FilterSecurityInterceptor@6a1447cc]
2024-03-07T15:35:14.962+07:00  INFO 6640 --- [restartedMain] o.s.b.d.a.OptionalLiveReloadServer       : LiveReload server is running on port 35729
2024-03-07T15:35:15.032+07:00  INFO 6640 --- [restartedMain] o.s.b.w.embedded.tomcat.TomcatWebServer  : Tomcat started on port(s): 8080 (http) with context path ''
2024-03-07T15:35:15.057+07:00  INFO 6640 --- [restartedMain] com.example.Bai1.Bai1Application         : Started Bai1Application in 10.782 seconds (process running for 11.555)
2024-03-07T15:35:15.848+07:00  INFO 6640 --- [http-nio-8080-exec-2] o.a.c.c.C.[Tomcat].[localhost].[/]       : Initializing Spring DispatcherServlet 'dispatcherServlet'
2024-03-07T15:35:15.848+07:00  INFO 6640 --- [http-nio-8080-exec-2] o.s.web.servlet.DispatcherServlet        : Initializing Servlet 'dispatcherServlet'
2024-03-07T15:35:15.850+07:00  INFO 6640 --- [http-nio-8080-exec-2] o.s.web.servlet.DispatcherServlet        : Completed initialization in 2 ms
2024-03-07T15:35:15.908+07:00  INFO 6640 --- [http-nio-8080-exec-2] c.e.Bai1.interceptor.LogInterceptor      : INTERCEPTOR
2024-03-07T15:35:15.909+07:00  INFO 6640 --- [http-nio-8080-exec-2] c.e.Bai1.interceptor.LogInterceptor      : 0:0:0:0:0:0:0:1
2024-03-07T15:35:15.910+07:00  INFO 6640 --- [http-nio-8080-exec-2] c.e.Bai1.interceptor.LogInterceptor      : /login
2024-03-07T15:35:16.303+07:00  INFO 6640 --- [http-nio-8080-exec-2] c.e.Bai1.Controller.ExceptionController  : INFO

org.springframework.security.authentication.BadCredentialsException: Bad credentials
	at org.springframework.security.authentication.dao.DaoAuthenticationProvider.additionalAuthenticationChecks(DaoAuthenticationProvider.java:89) ~[spring-security-core-6.0.8.jar:6.0.8]
	at org.springframework.security.authentication.dao.AbstractUserDetailsAuthenticationProvider.authenticate(AbstractUserDetailsAuthenticationProvider.java:147) ~[spring-security-core-6.0.8.jar:6.0.8]
	at org.springframework.security.authentication.ProviderManager.authenticate(ProviderManager.java:182) ~[spring-security-core-6.0.8.jar:6.0.8]
	at com.example.Bai1.Controller.LoginController.login(LoginController.java:27) ~[classes/:na]
	at java.base/jdk.internal.reflect.NativeMethodAccessorImpl.invoke0(Native Method) ~[na:na]
	at java.base/jdk.internal.reflect.NativeMethodAccessorImpl.invoke(NativeMethodAccessorImpl.java:77) ~[na:na]
	at java.base/jdk.internal.reflect.DelegatingMethodAccessorImpl.invoke(DelegatingMethodAccessorImpl.java:43) ~[na:na]
	at java.base/java.lang.reflect.Method.invoke(Method.java:568) ~[na:na]
	at org.springframework.web.method.support.InvocableHandlerMethod.doInvoke(InvocableHandlerMethod.java:205) ~[spring-web-6.0.13.jar:6.0.13]
	at org.springframework.web.method.support.InvocableHandlerMethod.invokeForRequest(InvocableHandlerMethod.java:150) ~[spring-web-6.0.13.jar:6.0.13]
	at org.springframework.web.servlet.mvc.method.annotation.ServletInvocableHandlerMethod.invokeAndHandle(ServletInvocableHandlerMethod.java:118) ~[spring-webmvc-6.0.13.jar:6.0.13]
	at org.springframework.web.servlet.mvc.method.annotation.RequestMappingHandlerAdapter.invokeHandlerMethod(RequestMappingHandlerAdapter.java:884) ~[spring-webmvc-6.0.13.jar:6.0.13]
	at org.springframework.web.servlet.mvc.method.annotation.RequestMappingHandlerAdapter.handleInternal(RequestMappingHandlerAdapter.java:797) ~[spring-webmvc-6.0.13.jar:6.0.13]
	at org.springframework.web.servlet.mvc.method.AbstractHandlerMethodAdapter.handle(AbstractHandlerMethodAdapter.java:87) ~[spring-webmvc-6.0.13.jar:6.0.13]
	at org.springframework.web.servlet.DispatcherServlet.doDispatch(DispatcherServlet.java:1081) ~[spring-webmvc-6.0.13.jar:6.0.13]
	at org.springframework.web.servlet.DispatcherServlet.doService(DispatcherServlet.java:974) ~[spring-webmvc-6.0.13.jar:6.0.13]
	at org.springframework.web.servlet.FrameworkServlet.processRequest(FrameworkServlet.java:1011) ~[spring-webmvc-6.0.13.jar:6.0.13]
	at org.springframework.web.servlet.FrameworkServlet.doPost(FrameworkServlet.java:914) ~[spring-webmvc-6.0.13.jar:6.0.13]
	at jakarta.servlet.http.HttpServlet.service(HttpServlet.java:590) ~[tomcat-embed-core-10.1.15.jar:6.0]
	at org.springframework.web.servlet.FrameworkServlet.service(FrameworkServlet.java:885) ~[spring-webmvc-6.0.13.jar:6.0.13]
	at jakarta.servlet.http.HttpServlet.service(HttpServlet.java:658) ~[tomcat-embed-core-10.1.15.jar:6.0]
	at org.apache.catalina.core.ApplicationFilterChain.internalDoFilter(ApplicationFilterChain.java:205) ~[tomcat-embed-core-10.1.15.jar:10.1.15]
	at org.apache.catalina.core.ApplicationFilterChain.doFilter(ApplicationFilterChain.java:149) ~[tomcat-embed-core-10.1.15.jar:10.1.15]
	at org.apache.tomcat.websocket.server.WsFilter.doFilter(WsFilter.java:51) ~[tomcat-embed-websocket-10.1.15.jar:10.1.15]
	at org.apache.catalina.core.ApplicationFilterChain.internalDoFilter(ApplicationFilterChain.java:174) ~[tomcat-embed-core-10.1.15.jar:10.1.15]
	at org.apache.catalina.core.ApplicationFilterChain.doFilter(ApplicationFilterChain.java:149) ~[tomcat-embed-core-10.1.15.jar:10.1.15]
	at com.example.Bai1.JwtTokenFilter.doFilterInternal(JwtTokenFilter.java:51) ~[classes/:na]
	at org.springframework.web.filter.OncePerRequestFilter.doFilter(OncePerRequestFilter.java:116) ~[spring-web-6.0.13.jar:6.0.13]
	at org.apache.catalina.core.ApplicationFilterChain.internalDoFilter(ApplicationFilterChain.java:174) ~[tomcat-embed-core-10.1.15.jar:10.1.15]
	at org.apache.catalina.core.ApplicationFilterChain.doFilter(ApplicationFilterChain.java:149) ~[tomcat-embed-core-10.1.15.jar:10.1.15]
	at org.springframework.security.web.FilterChainProxy.lambda$doFilterInternal$3(FilterChainProxy.java:231) ~[spring-security-web-6.0.8.jar:6.0.8]
	at org.springframework.security.web.FilterChainProxy$VirtualFilterChain.doFilter(FilterChainProxy.java:365) ~[spring-security-web-6.0.8.jar:6.0.8]
	at org.springframework.security.web.access.intercept.FilterSecurityInterceptor.invoke(FilterSecurityInterceptor.java:117) ~[spring-security-web-6.0.8.jar:6.0.8]
	at org.springframework.security.web.access.intercept.FilterSecurityInterceptor.doFilter(FilterSecurityInterceptor.java:83) ~[spring-security-web-6.0.8.jar:6.0.8]
	at org.springframework.security.web.FilterChainProxy$VirtualFilterChain.doFilter(FilterChainProxy.java:374) ~[spring-security-web-6.0.8.jar:6.0.8]
	at org.springframework.security.web.access.ExceptionTranslationFilter.doFilter(ExceptionTranslationFilter.java:126) ~[spring-security-web-6.0.8.jar:6.0.8]
	at org.springframework.security.web.access.ExceptionTranslationFilter.doFilter(ExceptionTranslationFilter.java:120) ~[spring-security-web-6.0.8.jar:6.0.8]
	at org.springframework.security.web.FilterChainProxy$VirtualFilterChain.doFilter(FilterChainProxy.java:374) ~[spring-security-web-6.0.8.jar:6.0.8]
	at org.springframework.security.web.session.SessionManagementFilter.doFilter(SessionManagementFilter.java:131) ~[spring-security-web-6.0.8.jar:6.0.8]
	at org.springframework.security.web.session.SessionManagementFilter.doFilter(SessionManagementFilter.java:85) ~[spring-security-web-6.0.8.jar:6.0.8]
	at org.springframework.security.web.FilterChainProxy$VirtualFilterChain.doFilter(FilterChainProxy.java:374) ~[spring-security-web-6.0.8.jar:6.0.8]
	at org.springframework.security.web.authentication.AnonymousAuthenticationFilter.doFilter(AnonymousAuthenticationFilter.java:100) ~[spring-security-web-6.0.8.jar:6.0.8]
	at org.springframework.security.web.FilterChainProxy$VirtualFilterChain.doFilter(FilterChainProxy.java:374) ~[spring-security-web-6.0.8.jar:6.0.8]
	at org.springframework.security.web.servletapi.SecurityContextHolderAwareRequestFilter.doFilter(SecurityContextHolderAwareRequestFilter.java:179) ~[spring-security-web-6.0.8.jar:6.0.8]
	at org.springframework.security.web.FilterChainProxy$VirtualFilterChain.doFilter(FilterChainProxy.java:374) ~[spring-security-web-6.0.8.jar:6.0.8]
	at org.springframework.security.web.savedrequest.RequestCacheAwareFilter.doFilter(RequestCacheAwareFilter.java:63) ~[spring-security-web-6.0.8.jar:6.0.8]
	at org.springframework.security.web.FilterChainProxy$VirtualFilterChain.doFilter(FilterChainProxy.java:374) ~[spring-security-web-6.0.8.jar:6.0.8]
	at org.springframework.security.web.authentication.www.BasicAuthenticationFilter.doFilterInternal(BasicAuthenticationFilter.java:168) ~[spring-security-web-6.0.8.jar:6.0.8]
	at org.springframework.web.filter.OncePerRequestFilter.doFilter(OncePerRequestFilter.java:116) ~[spring-web-6.0.13.jar:6.0.13]
	at org.springframework.security.web.FilterChainProxy$VirtualFilterChain.doFilter(FilterChainProxy.java:374) ~[spring-security-web-6.0.8.jar:6.0.8]
	at org.springframework.security.web.authentication.logout.LogoutFilter.doFilter(LogoutFilter.java:107) ~[spring-security-web-6.0.8.jar:6.0.8]
	at org.springframework.security.web.authentication.logout.LogoutFilter.doFilter(LogoutFilter.java:93) ~[spring-security-web-6.0.8.jar:6.0.8]
	at org.springframework.security.web.FilterChainProxy$VirtualFilterChain.doFilter(FilterChainProxy.java:374) ~[spring-security-web-6.0.8.jar:6.0.8]
	at org.springframework.security.web.header.HeaderWriterFilter.doHeadersAfter(HeaderWriterFilter.java:90) ~[spring-security-web-6.0.8.jar:6.0.8]
	at org.springframework.security.web.header.HeaderWriterFilter.doFilterInternal(HeaderWriterFilter.java:75) ~[spring-security-web-6.0.8.jar:6.0.8]
	at org.springframework.web.filter.OncePerRequestFilter.doFilter(OncePerRequestFilter.java:116) ~[spring-web-6.0.13.jar:6.0.13]
	at org.springframework.security.web.FilterChainProxy$VirtualFilterChain.doFilter(FilterChainProxy.java:374) ~[spring-security-web-6.0.8.jar:6.0.8]
	at org.springframework.security.web.context.SecurityContextHolderFilter.doFilter(SecurityContextHolderFilter.java:82) ~[spring-security-web-6.0.8.jar:6.0.8]
	at org.springframework.security.web.context.SecurityContextHolderFilter.doFilter(SecurityContextHolderFilter.java:69) ~[spring-security-web-6.0.8.jar:6.0.8]
	at org.springframework.security.web.FilterChainProxy$VirtualFilterChain.doFilter(FilterChainProxy.java:374) ~[spring-security-web-6.0.8.jar:6.0.8]
	at org.springframework.security.web.context.request.async.WebAsyncManagerIntegrationFilter.doFilterInternal(WebAsyncManagerIntegrationFilter.java:62) ~[spring-security-web-6.0.8.jar:6.0.8]
	at org.springframework.web.filter.OncePerRequestFilter.doFilter(OncePerRequestFilter.java:116) ~[spring-web-6.0.13.jar:6.0.13]
	at org.springframework.security.web.FilterChainProxy$VirtualFilterChain.doFilter(FilterChainProxy.java:374) ~[spring-security-web-6.0.8.jar:6.0.8]
	at org.springframework.security.web.session.DisableEncodeUrlFilter.doFilterInternal(DisableEncodeUrlFilter.java:42) ~[spring-security-web-6.0.8.jar:6.0.8]
	at org.springframework.web.filter.OncePerRequestFilter.doFilter(OncePerRequestFilter.java:116) ~[spring-web-6.0.13.jar:6.0.13]
	at org.springframework.security.web.FilterChainProxy$VirtualFilterChain.doFilter(FilterChainProxy.java:374) ~[spring-security-web-6.0.8.jar:6.0.8]
	at org.springframework.security.web.FilterChainProxy.doFilterInternal(FilterChainProxy.java:233) ~[spring-security-web-6.0.8.jar:6.0.8]
	at org.springframework.security.web.FilterChainProxy.doFilter(FilterChainProxy.java:191) ~[spring-security-web-6.0.8.jar:6.0.8]
	at org.springframework.web.filter.DelegatingFilterProxy.invokeDelegate(DelegatingFilterProxy.java:352) ~[spring-web-6.0.13.jar:6.0.13]
	at org.springframework.web.filter.DelegatingFilterProxy.doFilter(DelegatingFilterProxy.java:268) ~[spring-web-6.0.13.jar:6.0.13]
	at org.apache.catalina.core.ApplicationFilterChain.internalDoFilter(ApplicationFilterChain.java:174) ~[tomcat-embed-core-10.1.15.jar:10.1.15]
	at org.apache.catalina.core.ApplicationFilterChain.doFilter(ApplicationFilterChain.java:149) ~[tomcat-embed-core-10.1.15.jar:10.1.15]
	at org.springframework.web.filter.RequestContextFilter.doFilterInternal(RequestContextFilter.java:100) ~[spring-web-6.0.13.jar:6.0.13]
	at org.springframework.web.filter.OncePerRequestFilter.doFilter(OncePerRequestFilter.java:116) ~[spring-web-6.0.13.jar:6.0.13]
	at org.apache.catalina.core.ApplicationFilterChain.internalDoFilter(ApplicationFilterChain.java:174) ~[tomcat-embed-core-10.1.15.jar:10.1.15]
	at org.apache.catalina.core.ApplicationFilterChain.doFilter(ApplicationFilterChain.java:149) ~[tomcat-embed-core-10.1.15.jar:10.1.15]
	at org.springframework.web.filter.FormContentFilter.doFilterInternal(FormContentFilter.java:93) ~[spring-web-6.0.13.jar:6.0.13]
	at org.springframework.web.filter.OncePerRequestFilter.doFilter(OncePerRequestFilter.java:116) ~[spring-web-6.0.13.jar:6.0.13]
	at org.apache.catalina.core.ApplicationFilterChain.internalDoFilter(ApplicationFilterChain.java:174) ~[tomcat-embed-core-10.1.15.jar:10.1.15]
	at org.apache.catalina.core.ApplicationFilterChain.doFilter(ApplicationFilterChain.java:149) ~[tomcat-embed-core-10.1.15.jar:10.1.15]
	at org.springframework.web.filter.CharacterEncodingFilter.doFilterInternal(CharacterEncodingFilter.java:201) ~[spring-web-6.0.13.jar:6.0.13]
	at org.springframework.web.filter.OncePerRequestFilter.doFilter(OncePerRequestFilter.java:116) ~[spring-web-6.0.13.jar:6.0.13]
	at org.apache.catalina.core.ApplicationFilterChain.internalDoFilter(ApplicationFilterChain.java:174) ~[tomcat-embed-core-10.1.15.jar:10.1.15]
	at org.apache.catalina.core.ApplicationFilterChain.doFilter(ApplicationFilterChain.java:149) ~[tomcat-embed-core-10.1.15.jar:10.1.15]
	at org.apache.catalina.core.StandardWrapperValve.invoke(StandardWrapperValve.java:167) ~[tomcat-embed-core-10.1.15.jar:10.1.15]
	at org.apache.catalina.core.StandardContextValve.invoke(StandardContextValve.java:90) ~[tomcat-embed-core-10.1.15.jar:10.1.15]
	at org.apache.catalina.authenticator.AuthenticatorBase.invoke(AuthenticatorBase.java:482) ~[tomcat-embed-core-10.1.15.jar:10.1.15]
	at org.apache.catalina.core.StandardHostValve.invoke(StandardHostValve.java:115) ~[tomcat-embed-core-10.1.15.jar:10.1.15]
	at org.apache.catalina.valves.ErrorReportValve.invoke(ErrorReportValve.java:93) ~[tomcat-embed-core-10.1.15.jar:10.1.15]
	at org.apache.catalina.core.StandardEngineValve.invoke(StandardEngineValve.java:74) ~[tomcat-embed-core-10.1.15.jar:10.1.15]
	at org.apache.catalina.connector.CoyoteAdapter.service(CoyoteAdapter.java:340) ~[tomcat-embed-core-10.1.15.jar:10.1.15]
	at org.apache.coyote.http11.Http11Processor.service(Http11Processor.java:391) ~[tomcat-embed-core-10.1.15.jar:10.1.15]
	at org.apache.coyote.AbstractProcessorLight.process(AbstractProcessorLight.java:63) ~[tomcat-embed-core-10.1.15.jar:10.1.15]
	at org.apache.coyote.AbstractProtocol$ConnectionHandler.process(AbstractProtocol.java:896) ~[tomcat-embed-core-10.1.15.jar:10.1.15]
	at org.apache.tomcat.util.net.NioEndpoint$SocketProcessor.doRun(NioEndpoint.java:1744) ~[tomcat-embed-core-10.1.15.jar:10.1.15]
	at org.apache.tomcat.util.net.SocketProcessorBase.run(SocketProcessorBase.java:52) ~[tomcat-embed-core-10.1.15.jar:10.1.15]
	at org.apache.tomcat.util.threads.ThreadPoolExecutor.runWorker(ThreadPoolExecutor.java:1191) ~[tomcat-embed-core-10.1.15.jar:10.1.15]
	at org.apache.tomcat.util.threads.ThreadPoolExecutor$Worker.run(ThreadPoolExecutor.java:659) ~[tomcat-embed-core-10.1.15.jar:10.1.15]
	at org.apache.tomcat.util.threads.TaskThread$WrappingRunnable.run(TaskThread.java:61) ~[tomcat-embed-core-10.1.15.jar:10.1.15]
	at java.base/java.lang.Thread.run(Thread.java:842) ~[na:na]

2024-03-07T15:35:16.404+07:00  WARN 6640 --- [http-nio-8080-exec-2] .m.m.a.ExceptionHandlerExceptionResolver : Resolved [org.springframework.security.authentication.BadCredentialsException: Bad credentials]
2024-03-07T15:35:16.409+07:00  INFO 6640 --- [http-nio-8080-exec-2] c.e.Bai1.interceptor.LogInterceptor      : Done Request
2024-03-07T15:35:18.989+07:00  INFO 6640 --- [http-nio-8080-exec-3] c.e.Bai1.interceptor.LogInterceptor      : INTERCEPTOR
2024-03-07T15:35:18.990+07:00  INFO 6640 --- [http-nio-8080-exec-3] c.e.Bai1.interceptor.LogInterceptor      : 0:0:0:0:0:0:0:1
2024-03-07T15:35:18.990+07:00  INFO 6640 --- [http-nio-8080-exec-3] c.e.Bai1.interceptor.LogInterceptor      : /login
2024-03-07T15:35:19.062+07:00  INFO 6640 --- [http-nio-8080-exec-3] c.e.Bai1.Controller.ExceptionController  : INFO

org.springframework.security.authentication.BadCredentialsException: Bad credentials
	at org.springframework.security.authentication.dao.DaoAuthenticationProvider.additionalAuthenticationChecks(DaoAuthenticationProvider.java:89) ~[spring-security-core-6.0.8.jar:6.0.8]
	at org.springframework.security.authentication.dao.AbstractUserDetailsAuthenticationProvider.authenticate(AbstractUserDetailsAuthenticationProvider.java:147) ~[spring-security-core-6.0.8.jar:6.0.8]
	at org.springframework.security.authentication.ProviderManager.authenticate(ProviderManager.java:182) ~[spring-security-core-6.0.8.jar:6.0.8]
	at com.example.Bai1.Controller.LoginController.login(LoginController.java:27) ~[classes/:na]
	at java.base/jdk.internal.reflect.NativeMethodAccessorImpl.invoke0(Native Method) ~[na:na]
	at java.base/jdk.internal.reflect.NativeMethodAccessorImpl.invoke(NativeMethodAccessorImpl.java:77) ~[na:na]
	at java.base/jdk.internal.reflect.DelegatingMethodAccessorImpl.invoke(DelegatingMethodAccessorImpl.java:43) ~[na:na]
	at java.base/java.lang.reflect.Method.invoke(Method.java:568) ~[na:na]
	at org.springframework.web.method.support.InvocableHandlerMethod.doInvoke(InvocableHandlerMethod.java:205) ~[spring-web-6.0.13.jar:6.0.13]
	at org.springframework.web.method.support.InvocableHandlerMethod.invokeForRequest(InvocableHandlerMethod.java:150) ~[spring-web-6.0.13.jar:6.0.13]
	at org.springframework.web.servlet.mvc.method.annotation.ServletInvocableHandlerMethod.invokeAndHandle(ServletInvocableHandlerMethod.java:118) ~[spring-webmvc-6.0.13.jar:6.0.13]
	at org.springframework.web.servlet.mvc.method.annotation.RequestMappingHandlerAdapter.invokeHandlerMethod(RequestMappingHandlerAdapter.java:884) ~[spring-webmvc-6.0.13.jar:6.0.13]
	at org.springframework.web.servlet.mvc.method.annotation.RequestMappingHandlerAdapter.handleInternal(RequestMappingHandlerAdapter.java:797) ~[spring-webmvc-6.0.13.jar:6.0.13]
	at org.springframework.web.servlet.mvc.method.AbstractHandlerMethodAdapter.handle(AbstractHandlerMethodAdapter.java:87) ~[spring-webmvc-6.0.13.jar:6.0.13]
	at org.springframework.web.servlet.DispatcherServlet.doDispatch(DispatcherServlet.java:1081) ~[spring-webmvc-6.0.13.jar:6.0.13]
	at org.springframework.web.servlet.DispatcherServlet.doService(DispatcherServlet.java:974) ~[spring-webmvc-6.0.13.jar:6.0.13]
	at org.springframework.web.servlet.FrameworkServlet.processRequest(FrameworkServlet.java:1011) ~[spring-webmvc-6.0.13.jar:6.0.13]
	at org.springframework.web.servlet.FrameworkServlet.doPost(FrameworkServlet.java:914) ~[spring-webmvc-6.0.13.jar:6.0.13]
	at jakarta.servlet.http.HttpServlet.service(HttpServlet.java:590) ~[tomcat-embed-core-10.1.15.jar:6.0]
	at org.springframework.web.servlet.FrameworkServlet.service(FrameworkServlet.java:885) ~[spring-webmvc-6.0.13.jar:6.0.13]
	at jakarta.servlet.http.HttpServlet.service(HttpServlet.java:658) ~[tomcat-embed-core-10.1.15.jar:6.0]
	at org.apache.catalina.core.ApplicationFilterChain.internalDoFilter(ApplicationFilterChain.java:205) ~[tomcat-embed-core-10.1.15.jar:10.1.15]
	at org.apache.catalina.core.ApplicationFilterChain.doFilter(ApplicationFilterChain.java:149) ~[tomcat-embed-core-10.1.15.jar:10.1.15]
	at org.apache.tomcat.websocket.server.WsFilter.doFilter(WsFilter.java:51) ~[tomcat-embed-websocket-10.1.15.jar:10.1.15]
	at org.apache.catalina.core.ApplicationFilterChain.internalDoFilter(ApplicationFilterChain.java:174) ~[tomcat-embed-core-10.1.15.jar:10.1.15]
	at org.apache.catalina.core.ApplicationFilterChain.doFilter(ApplicationFilterChain.java:149) ~[tomcat-embed-core-10.1.15.jar:10.1.15]
	at com.example.Bai1.JwtTokenFilter.doFilterInternal(JwtTokenFilter.java:51) ~[classes/:na]
	at org.springframework.web.filter.OncePerRequestFilter.doFilter(OncePerRequestFilter.java:116) ~[spring-web-6.0.13.jar:6.0.13]
	at org.apache.catalina.core.ApplicationFilterChain.internalDoFilter(ApplicationFilterChain.java:174) ~[tomcat-embed-core-10.1.15.jar:10.1.15]
	at org.apache.catalina.core.ApplicationFilterChain.doFilter(ApplicationFilterChain.java:149) ~[tomcat-embed-core-10.1.15.jar:10.1.15]
	at org.springframework.security.web.FilterChainProxy.lambda$doFilterInternal$3(FilterChainProxy.java:231) ~[spring-security-web-6.0.8.jar:6.0.8]
	at org.springframework.security.web.FilterChainProxy$VirtualFilterChain.doFilter(FilterChainProxy.java:365) ~[spring-security-web-6.0.8.jar:6.0.8]
	at org.springframework.security.web.access.intercept.FilterSecurityInterceptor.invoke(FilterSecurityInterceptor.java:117) ~[spring-security-web-6.0.8.jar:6.0.8]
	at org.springframework.security.web.access.intercept.FilterSecurityInterceptor.doFilter(FilterSecurityInterceptor.java:83) ~[spring-security-web-6.0.8.jar:6.0.8]
	at org.springframework.security.web.FilterChainProxy$VirtualFilterChain.doFilter(FilterChainProxy.java:374) ~[spring-security-web-6.0.8.jar:6.0.8]
	at org.springframework.security.web.access.ExceptionTranslationFilter.doFilter(ExceptionTranslationFilter.java:126) ~[spring-security-web-6.0.8.jar:6.0.8]
	at org.springframework.security.web.access.ExceptionTranslationFilter.doFilter(ExceptionTranslationFilter.java:120) ~[spring-security-web-6.0.8.jar:6.0.8]
	at org.springframework.security.web.FilterChainProxy$VirtualFilterChain.doFilter(FilterChainProxy.java:374) ~[spring-security-web-6.0.8.jar:6.0.8]
	at org.springframework.security.web.session.SessionManagementFilter.doFilter(SessionManagementFilter.java:131) ~[spring-security-web-6.0.8.jar:6.0.8]
	at org.springframework.security.web.session.SessionManagementFilter.doFilter(SessionManagementFilter.java:85) ~[spring-security-web-6.0.8.jar:6.0.8]
	at org.springframework.security.web.FilterChainProxy$VirtualFilterChain.doFilter(FilterChainProxy.java:374) ~[spring-security-web-6.0.8.jar:6.0.8]
	at org.springframework.security.web.authentication.AnonymousAuthenticationFilter.doFilter(AnonymousAuthenticationFilter.java:100) ~[spring-security-web-6.0.8.jar:6.0.8]
	at org.springframework.security.web.FilterChainProxy$VirtualFilterChain.doFilter(FilterChainProxy.java:374) ~[spring-security-web-6.0.8.jar:6.0.8]
	at org.springframework.security.web.servletapi.SecurityContextHolderAwareRequestFilter.doFilter(SecurityContextHolderAwareRequestFilter.java:179) ~[spring-security-web-6.0.8.jar:6.0.8]
	at org.springframework.security.web.FilterChainProxy$VirtualFilterChain.doFilter(FilterChainProxy.java:374) ~[spring-security-web-6.0.8.jar:6.0.8]
	at org.springframework.security.web.savedrequest.RequestCacheAwareFilter.doFilter(RequestCacheAwareFilter.java:63) ~[spring-security-web-6.0.8.jar:6.0.8]
	at org.springframework.security.web.FilterChainProxy$VirtualFilterChain.doFilter(FilterChainProxy.java:374) ~[spring-security-web-6.0.8.jar:6.0.8]
	at org.springframework.security.web.authentication.www.BasicAuthenticationFilter.doFilterInternal(BasicAuthenticationFilter.java:168) ~[spring-security-web-6.0.8.jar:6.0.8]
	at org.springframework.web.filter.OncePerRequestFilter.doFilter(OncePerRequestFilter.java:116) ~[spring-web-6.0.13.jar:6.0.13]
	at org.springframework.security.web.FilterChainProxy$VirtualFilterChain.doFilter(FilterChainProxy.java:374) ~[spring-security-web-6.0.8.jar:6.0.8]
	at org.springframework.security.web.authentication.logout.LogoutFilter.doFilter(LogoutFilter.java:107) ~[spring-security-web-6.0.8.jar:6.0.8]
	at org.springframework.security.web.authentication.logout.LogoutFilter.doFilter(LogoutFilter.java:93) ~[spring-security-web-6.0.8.jar:6.0.8]
	at org.springframework.security.web.FilterChainProxy$VirtualFilterChain.doFilter(FilterChainProxy.java:374) ~[spring-security-web-6.0.8.jar:6.0.8]
	at org.springframework.security.web.header.HeaderWriterFilter.doHeadersAfter(HeaderWriterFilter.java:90) ~[spring-security-web-6.0.8.jar:6.0.8]
	at org.springframework.security.web.header.HeaderWriterFilter.doFilterInternal(HeaderWriterFilter.java:75) ~[spring-security-web-6.0.8.jar:6.0.8]
	at org.springframework.web.filter.OncePerRequestFilter.doFilter(OncePerRequestFilter.java:116) ~[spring-web-6.0.13.jar:6.0.13]
	at org.springframework.security.web.FilterChainProxy$VirtualFilterChain.doFilter(FilterChainProxy.java:374) ~[spring-security-web-6.0.8.jar:6.0.8]
	at org.springframework.security.web.context.SecurityContextHolderFilter.doFilter(SecurityContextHolderFilter.java:82) ~[spring-security-web-6.0.8.jar:6.0.8]
	at org.springframework.security.web.context.SecurityContextHolderFilter.doFilter(SecurityContextHolderFilter.java:69) ~[spring-security-web-6.0.8.jar:6.0.8]
	at org.springframework.security.web.FilterChainProxy$VirtualFilterChain.doFilter(FilterChainProxy.java:374) ~[spring-security-web-6.0.8.jar:6.0.8]
	at org.springframework.security.web.context.request.async.WebAsyncManagerIntegrationFilter.doFilterInternal(WebAsyncManagerIntegrationFilter.java:62) ~[spring-security-web-6.0.8.jar:6.0.8]
	at org.springframework.web.filter.OncePerRequestFilter.doFilter(OncePerRequestFilter.java:116) ~[spring-web-6.0.13.jar:6.0.13]
	at org.springframework.security.web.FilterChainProxy$VirtualFilterChain.doFilter(FilterChainProxy.java:374) ~[spring-security-web-6.0.8.jar:6.0.8]
	at org.springframework.security.web.session.DisableEncodeUrlFilter.doFilterInternal(DisableEncodeUrlFilter.java:42) ~[spring-security-web-6.0.8.jar:6.0.8]
	at org.springframework.web.filter.OncePerRequestFilter.doFilter(OncePerRequestFilter.java:116) ~[spring-web-6.0.13.jar:6.0.13]
	at org.springframework.security.web.FilterChainProxy$VirtualFilterChain.doFilter(FilterChainProxy.java:374) ~[spring-security-web-6.0.8.jar:6.0.8]
	at org.springframework.security.web.FilterChainProxy.doFilterInternal(FilterChainProxy.java:233) ~[spring-security-web-6.0.8.jar:6.0.8]
	at org.springframework.security.web.FilterChainProxy.doFilter(FilterChainProxy.java:191) ~[spring-security-web-6.0.8.jar:6.0.8]
	at org.springframework.web.filter.DelegatingFilterProxy.invokeDelegate(DelegatingFilterProxy.java:352) ~[spring-web-6.0.13.jar:6.0.13]
	at org.springframework.web.filter.DelegatingFilterProxy.doFilter(DelegatingFilterProxy.java:268) ~[spring-web-6.0.13.jar:6.0.13]
	at org.apache.catalina.core.ApplicationFilterChain.internalDoFilter(ApplicationFilterChain.java:174) ~[tomcat-embed-core-10.1.15.jar:10.1.15]
	at org.apache.catalina.core.ApplicationFilterChain.doFilter(ApplicationFilterChain.java:149) ~[tomcat-embed-core-10.1.15.jar:10.1.15]
	at org.springframework.web.filter.RequestContextFilter.doFilterInternal(RequestContextFilter.java:100) ~[spring-web-6.0.13.jar:6.0.13]
	at org.springframework.web.filter.OncePerRequestFilter.doFilter(OncePerRequestFilter.java:116) ~[spring-web-6.0.13.jar:6.0.13]
	at org.apache.catalina.core.ApplicationFilterChain.internalDoFilter(ApplicationFilterChain.java:174) ~[tomcat-embed-core-10.1.15.jar:10.1.15]
	at org.apache.catalina.core.ApplicationFilterChain.doFilter(ApplicationFilterChain.java:149) ~[tomcat-embed-core-10.1.15.jar:10.1.15]
	at org.springframework.web.filter.FormContentFilter.doFilterInternal(FormContentFilter.java:93) ~[spring-web-6.0.13.jar:6.0.13]
	at org.springframework.web.filter.OncePerRequestFilter.doFilter(OncePerRequestFilter.java:116) ~[spring-web-6.0.13.jar:6.0.13]
	at org.apache.catalina.core.ApplicationFilterChain.internalDoFilter(ApplicationFilterChain.java:174) ~[tomcat-embed-core-10.1.15.jar:10.1.15]
	at org.apache.catalina.core.ApplicationFilterChain.doFilter(ApplicationFilterChain.java:149) ~[tomcat-embed-core-10.1.15.jar:10.1.15]
	at org.springframework.web.filter.CharacterEncodingFilter.doFilterInternal(CharacterEncodingFilter.java:201) ~[spring-web-6.0.13.jar:6.0.13]
	at org.springframework.web.filter.OncePerRequestFilter.doFilter(OncePerRequestFilter.java:116) ~[spring-web-6.0.13.jar:6.0.13]
	at org.apache.catalina.core.ApplicationFilterChain.internalDoFilter(ApplicationFilterChain.java:174) ~[tomcat-embed-core-10.1.15.jar:10.1.15]
	at org.apache.catalina.core.ApplicationFilterChain.doFilter(ApplicationFilterChain.java:149) ~[tomcat-embed-core-10.1.15.jar:10.1.15]
	at org.apache.catalina.core.StandardWrapperValve.invoke(StandardWrapperValve.java:167) ~[tomcat-embed-core-10.1.15.jar:10.1.15]
	at org.apache.catalina.core.StandardContextValve.invoke(StandardContextValve.java:90) ~[tomcat-embed-core-10.1.15.jar:10.1.15]
	at org.apache.catalina.authenticator.AuthenticatorBase.invoke(AuthenticatorBase.java:482) ~[tomcat-embed-core-10.1.15.jar:10.1.15]
	at org.apache.catalina.core.StandardHostValve.invoke(StandardHostValve.java:115) ~[tomcat-embed-core-10.1.15.jar:10.1.15]
	at org.apache.catalina.valves.ErrorReportValve.invoke(ErrorReportValve.java:93) ~[tomcat-embed-core-10.1.15.jar:10.1.15]
	at org.apache.catalina.core.StandardEngineValve.invoke(StandardEngineValve.java:74) ~[tomcat-embed-core-10.1.15.jar:10.1.15]
	at org.apache.catalina.connector.CoyoteAdapter.service(CoyoteAdapter.java:340) ~[tomcat-embed-core-10.1.15.jar:10.1.15]
	at org.apache.coyote.http11.Http11Processor.service(Http11Processor.java:391) ~[tomcat-embed-core-10.1.15.jar:10.1.15]
	at org.apache.coyote.AbstractProcessorLight.process(AbstractProcessorLight.java:63) ~[tomcat-embed-core-10.1.15.jar:10.1.15]
	at org.apache.coyote.AbstractProtocol$ConnectionHandler.process(AbstractProtocol.java:896) ~[tomcat-embed-core-10.1.15.jar:10.1.15]
	at org.apache.tomcat.util.net.NioEndpoint$SocketProcessor.doRun(NioEndpoint.java:1744) ~[tomcat-embed-core-10.1.15.jar:10.1.15]
	at org.apache.tomcat.util.net.SocketProcessorBase.run(SocketProcessorBase.java:52) ~[tomcat-embed-core-10.1.15.jar:10.1.15]
	at org.apache.tomcat.util.threads.ThreadPoolExecutor.runWorker(ThreadPoolExecutor.java:1191) ~[tomcat-embed-core-10.1.15.jar:10.1.15]
	at org.apache.tomcat.util.threads.ThreadPoolExecutor$Worker.run(ThreadPoolExecutor.java:659) ~[tomcat-embed-core-10.1.15.jar:10.1.15]
	at org.apache.tomcat.util.threads.TaskThread$WrappingRunnable.run(TaskThread.java:61) ~[tomcat-embed-core-10.1.15.jar:10.1.15]
	at java.base/java.lang.Thread.run(Thread.java:842) ~[na:na]

2024-03-07T15:35:19.066+07:00  WARN 6640 --- [http-nio-8080-exec-3] .m.m.a.ExceptionHandlerExceptionResolver : Resolved [org.springframework.security.authentication.BadCredentialsException: Bad credentials]
2024-03-07T15:35:19.066+07:00  INFO 6640 --- [http-nio-8080-exec-3] c.e.Bai1.interceptor.LogInterceptor      : Done Request
2024-03-07T15:35:24.278+07:00  INFO 6640 --- [http-nio-8080-exec-4] c.e.Bai1.interceptor.LogInterceptor      : INTERCEPTOR
2024-03-07T15:35:24.278+07:00  INFO 6640 --- [http-nio-8080-exec-4] c.e.Bai1.interceptor.LogInterceptor      : 0:0:0:0:0:0:0:1
2024-03-07T15:35:24.278+07:00  INFO 6640 --- [http-nio-8080-exec-4] c.e.Bai1.interceptor.LogInterceptor      : /login
2024-03-07T15:35:24.427+07:00  INFO 6640 --- [http-nio-8080-exec-4] c.e.Bai1.interceptor.LogInterceptor      : Done Request
2024-03-07T15:35:34.759+07:00  INFO 6640 --- [http-nio-8080-exec-5] c.e.Bai1.interceptor.LogInterceptor      : INTERCEPTOR
2024-03-07T15:35:34.760+07:00  INFO 6640 --- [http-nio-8080-exec-5] c.e.Bai1.interceptor.LogInterceptor      : 0:0:0:0:0:0:0:1
2024-03-07T15:35:34.760+07:00  INFO 6640 --- [http-nio-8080-exec-5] c.e.Bai1.interceptor.LogInterceptor      : /error
2024-03-07T15:35:34.776+07:00  INFO 6640 --- [http-nio-8080-exec-5] c.e.Bai1.interceptor.LogInterceptor      : Done Request
2024-03-07T15:35:45.131+07:00  INFO 6640 --- [http-nio-8080-exec-6] c.e.Bai1.interceptor.LogInterceptor      : INTERCEPTOR
2024-03-07T15:35:45.132+07:00  INFO 6640 --- [http-nio-8080-exec-6] c.e.Bai1.interceptor.LogInterceptor      : 0:0:0:0:0:0:0:1
2024-03-07T15:35:45.133+07:00  INFO 6640 --- [http-nio-8080-exec-6] c.e.Bai1.interceptor.LogInterceptor      : /error
2024-03-07T15:35:45.135+07:00  INFO 6640 --- [http-nio-8080-exec-6] c.e.Bai1.interceptor.LogInterceptor      : Done Request
2024-03-07T15:36:22.270+07:00  INFO 6640 --- [http-nio-8080-exec-7] c.e.Bai1.interceptor.LogInterceptor      : INTERCEPTOR
2024-03-07T15:36:22.270+07:00  INFO 6640 --- [http-nio-8080-exec-7] c.e.Bai1.interceptor.LogInterceptor      : 0:0:0:0:0:0:0:1
2024-03-07T15:36:22.270+07:00  INFO 6640 --- [http-nio-8080-exec-7] c.e.Bai1.interceptor.LogInterceptor      : /error
2024-03-07T15:36:22.273+07:00  INFO 6640 --- [http-nio-8080-exec-7] c.e.Bai1.interceptor.LogInterceptor      : Done Request
2024-03-07T15:37:59.782+07:00  INFO 6640 --- [http-nio-8080-exec-10] c.e.Bai1.interceptor.LogInterceptor      : INTERCEPTOR
2024-03-07T15:37:59.782+07:00  INFO 6640 --- [http-nio-8080-exec-10] c.e.Bai1.interceptor.LogInterceptor      : 0:0:0:0:0:0:0:1
2024-03-07T15:37:59.782+07:00  INFO 6640 --- [http-nio-8080-exec-10] c.e.Bai1.interceptor.LogInterceptor      : /login
2024-03-07T15:37:59.872+07:00  INFO 6640 --- [http-nio-8080-exec-10] c.e.Bai1.interceptor.LogInterceptor      : Done Request
2024-03-07T15:38:12.215+07:00  INFO 6640 --- [http-nio-8080-exec-1] c.e.Bai1.interceptor.LogInterceptor      : INTERCEPTOR
2024-03-07T15:38:12.215+07:00  INFO 6640 --- [http-nio-8080-exec-1] c.e.Bai1.interceptor.LogInterceptor      : 0:0:0:0:0:0:0:1
2024-03-07T15:38:12.215+07:00  INFO 6640 --- [http-nio-8080-exec-1] c.e.Bai1.interceptor.LogInterceptor      : /error
2024-03-07T15:38:12.219+07:00  INFO 6640 --- [http-nio-8080-exec-1] c.e.Bai1.interceptor.LogInterceptor      : Done Request
2024-03-07T15:38:13.321+07:00  INFO 6640 --- [http-nio-8080-exec-2] c.e.Bai1.interceptor.LogInterceptor      : INTERCEPTOR
2024-03-07T15:38:13.322+07:00  INFO 6640 --- [http-nio-8080-exec-2] c.e.Bai1.interceptor.LogInterceptor      : 0:0:0:0:0:0:0:1
2024-03-07T15:38:13.322+07:00  INFO 6640 --- [http-nio-8080-exec-2] c.e.Bai1.interceptor.LogInterceptor      : /error
2024-03-07T15:38:13.323+07:00  INFO 6640 --- [http-nio-8080-exec-2] c.e.Bai1.interceptor.LogInterceptor      : Done Request
2024-03-07T15:38:14.137+07:00  INFO 6640 --- [http-nio-8080-exec-3] c.e.Bai1.interceptor.LogInterceptor      : INTERCEPTOR
2024-03-07T15:38:14.138+07:00  INFO 6640 --- [http-nio-8080-exec-3] c.e.Bai1.interceptor.LogInterceptor      : 0:0:0:0:0:0:0:1
2024-03-07T15:38:14.138+07:00  INFO 6640 --- [http-nio-8080-exec-3] c.e.Bai1.interceptor.LogInterceptor      : /error
2024-03-07T15:38:14.140+07:00  INFO 6640 --- [http-nio-8080-exec-3] c.e.Bai1.interceptor.LogInterceptor      : Done Request
2024-03-07T15:38:15.298+07:00  INFO 6640 --- [http-nio-8080-exec-4] c.e.Bai1.interceptor.LogInterceptor      : INTERCEPTOR
2024-03-07T15:38:15.298+07:00  INFO 6640 --- [http-nio-8080-exec-4] c.e.Bai1.interceptor.LogInterceptor      : 0:0:0:0:0:0:0:1
2024-03-07T15:38:15.298+07:00  INFO 6640 --- [http-nio-8080-exec-4] c.e.Bai1.interceptor.LogInterceptor      : /error
2024-03-07T15:38:15.300+07:00  INFO 6640 --- [http-nio-8080-exec-4] c.e.Bai1.interceptor.LogInterceptor      : Done Request
2024-03-07T15:39:24.976+07:00  INFO 6640 --- [http-nio-8080-exec-7] c.e.Bai1.interceptor.LogInterceptor      : INTERCEPTOR
2024-03-07T15:39:24.976+07:00  INFO 6640 --- [http-nio-8080-exec-7] c.e.Bai1.interceptor.LogInterceptor      : 0:0:0:0:0:0:0:1
2024-03-07T15:39:24.976+07:00  INFO 6640 --- [http-nio-8080-exec-7] c.e.Bai1.interceptor.LogInterceptor      : /cache/
2024-03-07T15:39:24.983+07:00  INFO 6640 --- [http-nio-8080-exec-7] c.e.Bai1.interceptor.LogInterceptor      : Done Request
2024-03-07T15:39:33.919+07:00  INFO 6640 --- [http-nio-8080-exec-8] c.e.Bai1.interceptor.LogInterceptor      : INTERCEPTOR
2024-03-07T15:39:33.919+07:00  INFO 6640 --- [http-nio-8080-exec-8] c.e.Bai1.interceptor.LogInterceptor      : 0:0:0:0:0:0:0:1
2024-03-07T15:39:33.919+07:00  INFO 6640 --- [http-nio-8080-exec-8] c.e.Bai1.interceptor.LogInterceptor      : /department/
2024-03-07T15:39:33.931+07:00  INFO 6640 --- [http-nio-8080-exec-8] com.example.Bai1.aop.LogAOP              : Join Point 9
2024-03-07T15:39:34.063+07:00  INFO 6640 --- [http-nio-8080-exec-8] c.e.Bai1.interceptor.LogInterceptor      : Done Request
2024-03-07T15:39:35.946+07:00  INFO 6640 --- [http-nio-8080-exec-9] c.e.Bai1.interceptor.LogInterceptor      : INTERCEPTOR
2024-03-07T15:39:35.946+07:00  INFO 6640 --- [http-nio-8080-exec-9] c.e.Bai1.interceptor.LogInterceptor      : 0:0:0:0:0:0:0:1
2024-03-07T15:39:35.947+07:00  INFO 6640 --- [http-nio-8080-exec-9] c.e.Bai1.interceptor.LogInterceptor      : /cache/
2024-03-07T15:39:35.949+07:00  INFO 6640 --- [http-nio-8080-exec-9] c.e.Bai1.interceptor.LogInterceptor      : Done Request
2024-03-07T15:43:29.305+07:00  INFO 8172 --- [restartedMain] com.example.Bai1.Bai1Application         : Starting Bai1Application using Java 17.0.9 with PID 8172 (E:\Studying\Java Backend\Springboot\Project2\target\classes started by Admin in E:\Studying\Java Backend\Springboot\Project2)
2024-03-07T15:43:29.309+07:00  INFO 8172 --- [restartedMain] com.example.Bai1.Bai1Application         : No active profile set, falling back to 1 default profile: "default"
2024-03-07T15:43:29.774+07:00  INFO 8172 --- [restartedMain] .e.DevToolsPropertyDefaultsPostProcessor : Devtools property defaults active! Set 'spring.devtools.add-properties' to 'false' to disable
2024-03-07T15:43:29.775+07:00  INFO 8172 --- [restartedMain] .e.DevToolsPropertyDefaultsPostProcessor : For additional web related logging consider setting the 'logging.level.web' property to 'DEBUG'
2024-03-07T15:43:31.276+07:00  INFO 8172 --- [restartedMain] .s.d.r.c.RepositoryConfigurationDelegate : Bootstrapping Spring Data JPA repositories in DEFAULT mode.
2024-03-07T15:43:31.459+07:00  INFO 8172 --- [restartedMain] .s.d.r.c.RepositoryConfigurationDelegate : Finished Spring Data repository scanning in 163 ms. Found 5 JPA repository interfaces.
2024-03-07T15:43:33.429+07:00  INFO 8172 --- [restartedMain] o.s.b.w.embedded.tomcat.TomcatWebServer  : Tomcat initialized with port(s): 8080 (http)
2024-03-07T15:43:33.467+07:00  INFO 8172 --- [restartedMain] o.apache.catalina.core.StandardService   : Starting service [Tomcat]
2024-03-07T15:43:33.468+07:00  INFO 8172 --- [restartedMain] o.apache.catalina.core.StandardEngine    : Starting Servlet engine: [Apache Tomcat/10.1.15]
2024-03-07T15:43:33.681+07:00  INFO 8172 --- [restartedMain] o.a.c.c.C.[Tomcat].[localhost].[/]       : Initializing Spring embedded WebApplicationContext
2024-03-07T15:43:33.683+07:00  INFO 8172 --- [restartedMain] w.s.c.ServletWebServerApplicationContext : Root WebApplicationContext: initialization completed in 3907 ms
2024-03-07T15:43:34.260+07:00  INFO 8172 --- [restartedMain] com.zaxxer.hikari.HikariDataSource       : HikariPool-1 - Starting...
2024-03-07T15:43:34.639+07:00  INFO 8172 --- [restartedMain] com.zaxxer.hikari.pool.HikariPool        : HikariPool-1 - Added connection com.mysql.cj.jdbc.ConnectionImpl@72058078
2024-03-07T15:43:34.644+07:00  INFO 8172 --- [restartedMain] com.zaxxer.hikari.HikariDataSource       : HikariPool-1 - Start completed.
2024-03-07T15:43:34.766+07:00  INFO 8172 --- [restartedMain] o.hibernate.jpa.internal.util.LogHelper  : HHH000204: Processing PersistenceUnitInfo [name: default]
2024-03-07T15:43:34.955+07:00  INFO 8172 --- [restartedMain] org.hibernate.Version                    : HHH000412: Hibernate ORM core version 6.1.7.Final
2024-03-07T15:43:36.011+07:00  INFO 8172 --- [restartedMain] SQL dialect                              : HHH000400: Using dialect: org.hibernate.dialect.MySQL8Dialect
2024-03-07T15:43:36.014+07:00  WARN 8172 --- [restartedMain] org.hibernate.orm.deprecation            : HHH90000026: MySQL8Dialect has been deprecated; use org.hibernate.dialect.MySQLDialect instead
2024-03-07T15:43:37.876+07:00  INFO 8172 --- [restartedMain] o.h.e.t.j.p.i.JtaPlatformInitiator       : HHH000490: Using JtaPlatform implementation: [org.hibernate.engine.transaction.jta.platform.internal.NoJtaPlatform]
2024-03-07T15:43:37.896+07:00  INFO 8172 --- [restartedMain] j.LocalContainerEntityManagerFactoryBean : Initialized JPA EntityManagerFactory for persistence unit 'default'
2024-03-07T15:43:40.063+07:00  WARN 8172 --- [restartedMain] JpaBaseConfiguration$JpaWebConfiguration : spring.jpa.open-in-view is enabled by default. Therefore, database queries may be performed during view rendering. Explicitly configure spring.jpa.open-in-view to disable this warning
2024-03-07T15:43:40.601+07:00  INFO 8172 --- [restartedMain] o.s.s.web.DefaultSecurityFilterChain     : Will secure any request with [org.springframework.security.web.session.DisableEncodeUrlFilter@492f4ff5, org.springframework.security.web.context.request.async.WebAsyncManagerIntegrationFilter@77f6f4e1, org.springframework.security.web.context.SecurityContextHolderFilter@3b761681, org.springframework.security.web.header.HeaderWriterFilter@10a8a14e, org.springframework.security.web.authentication.logout.LogoutFilter@9dc33d6, com.example.Bai1.JwtTokenFilter@32209033, org.springframework.security.web.authentication.www.BasicAuthenticationFilter@3b4b86ef, org.springframework.security.web.savedrequest.RequestCacheAwareFilter@5f19f154, org.springframework.security.web.servletapi.SecurityContextHolderAwareRequestFilter@26e1b62c, org.springframework.security.web.authentication.AnonymousAuthenticationFilter@106d780e, org.springframework.security.web.session.SessionManagementFilter@2c238278, org.springframework.security.web.access.ExceptionTranslationFilter@546fff1a, org.springframework.security.web.access.intercept.FilterSecurityInterceptor@6f4d8bac]
2024-03-07T15:43:41.291+07:00  INFO 8172 --- [restartedMain] o.s.b.d.a.OptionalLiveReloadServer       : LiveReload server is running on port 35729
2024-03-07T15:43:41.384+07:00  INFO 8172 --- [restartedMain] o.s.b.w.embedded.tomcat.TomcatWebServer  : Tomcat started on port(s): 8080 (http) with context path ''
2024-03-07T15:43:41.412+07:00  INFO 8172 --- [restartedMain] com.example.Bai1.Bai1Application         : Started Bai1Application in 12.768 seconds (process running for 13.67)
2024-03-07T15:43:42.670+07:00  INFO 8172 --- [http-nio-8080-exec-1] o.a.c.c.C.[Tomcat].[localhost].[/]       : Initializing Spring DispatcherServlet 'dispatcherServlet'
2024-03-07T15:43:42.670+07:00  INFO 8172 --- [http-nio-8080-exec-1] o.s.web.servlet.DispatcherServlet        : Initializing Servlet 'dispatcherServlet'
2024-03-07T15:43:42.672+07:00  INFO 8172 --- [http-nio-8080-exec-1] o.s.web.servlet.DispatcherServlet        : Completed initialization in 2 ms
2024-03-07T15:43:43.146+07:00  INFO 8172 --- [http-nio-8080-exec-1] c.e.Bai1.interceptor.LogInterceptor      : INTERCEPTOR
2024-03-07T15:43:43.146+07:00  INFO 8172 --- [http-nio-8080-exec-1] c.e.Bai1.interceptor.LogInterceptor      : 0:0:0:0:0:0:0:1
2024-03-07T15:43:43.146+07:00  INFO 8172 --- [http-nio-8080-exec-1] c.e.Bai1.interceptor.LogInterceptor      : /cache/
2024-03-07T15:43:43.271+07:00  INFO 8172 --- [http-nio-8080-exec-1] c.e.Bai1.interceptor.LogInterceptor      : Done Request
2024-03-07T15:43:55.300+07:00  INFO 8172 --- [http-nio-8080-exec-4] c.e.Bai1.interceptor.LogInterceptor      : INTERCEPTOR
2024-03-07T15:43:55.301+07:00  INFO 8172 --- [http-nio-8080-exec-4] c.e.Bai1.interceptor.LogInterceptor      : 0:0:0:0:0:0:0:1
2024-03-07T15:43:55.301+07:00  INFO 8172 --- [http-nio-8080-exec-4] c.e.Bai1.interceptor.LogInterceptor      : /login
2024-03-07T15:43:55.506+07:00  INFO 8172 --- [http-nio-8080-exec-4] c.e.Bai1.interceptor.LogInterceptor      : Done Request
2024-03-07T15:44:06.838+07:00  INFO 8172 --- [http-nio-8080-exec-3] c.e.Bai1.interceptor.LogInterceptor      : INTERCEPTOR
2024-03-07T15:44:06.839+07:00  INFO 8172 --- [http-nio-8080-exec-3] c.e.Bai1.interceptor.LogInterceptor      : 0:0:0:0:0:0:0:1
2024-03-07T15:44:06.839+07:00  INFO 8172 --- [http-nio-8080-exec-3] c.e.Bai1.interceptor.LogInterceptor      : /cache/
2024-03-07T15:44:06.841+07:00  INFO 8172 --- [http-nio-8080-exec-3] c.e.Bai1.interceptor.LogInterceptor      : Done Request
2024-03-07T15:44:34.823+07:00  INFO 8172 --- [http-nio-8080-exec-5] c.e.Bai1.interceptor.LogInterceptor      : INTERCEPTOR
2024-03-07T15:44:34.823+07:00  INFO 8172 --- [http-nio-8080-exec-5] c.e.Bai1.interceptor.LogInterceptor      : 0:0:0:0:0:0:0:1
2024-03-07T15:44:34.823+07:00  INFO 8172 --- [http-nio-8080-exec-5] c.e.Bai1.interceptor.LogInterceptor      : /error
2024-03-07T15:44:34.856+07:00  INFO 8172 --- [http-nio-8080-exec-5] c.e.Bai1.interceptor.LogInterceptor      : Done Request
2024-03-07T15:44:39.109+07:00  INFO 8172 --- [http-nio-8080-exec-6] c.e.Bai1.interceptor.LogInterceptor      : INTERCEPTOR
2024-03-07T15:44:39.110+07:00  INFO 8172 --- [http-nio-8080-exec-6] c.e.Bai1.interceptor.LogInterceptor      : 0:0:0:0:0:0:0:1
2024-03-07T15:44:39.110+07:00  INFO 8172 --- [http-nio-8080-exec-6] c.e.Bai1.interceptor.LogInterceptor      : /cache/
2024-03-07T15:44:39.112+07:00  INFO 8172 --- [http-nio-8080-exec-6] c.e.Bai1.interceptor.LogInterceptor      : Done Request
